Using pre-set license
Built from '2020.3/staging' branch; Version is '2020.3.3f1 (76626098c1c4) revision 7758432'; Using compiler version '192528614'; Build Type 'Release'
OS: 'Windows 10 Pro; OS build 19042.1052; Version 2009; 64bit' Language: 'en' Physical Memory: 16338 MB
BatchMode: 1, IsHumanControllingUs: 0, StartBugReporterOnCrash: 0, Is64bit: 1, IsPro: 0

 COMMAND LINE ARGUMENTS:
C:\Program Files\Unity\Hub\Editor\2020.3.3f1\Editor\Unity.exe
-adb2
-batchMode
-noUpm
-name
AssetImportWorker0
-projectPath
F:/Projet-Git Perso/GMTKJam2021/GMTKJam
-logFile
Logs/AssetImportWorker0.log
-srvPort
59481
Successfully changed project path to: F:/Projet-Git Perso/GMTKJam2021/GMTKJam
F:/Projet-Git Perso/GMTKJam2021/GMTKJam
Using Asset Import Pipeline V2.
Refreshing native plugins compatible for Editor in 22.73 ms, found 0 plugins.
Preloading 0 native plugins for Editor in 0.00 ms.
Initialize engine version: 2020.3.3f1 (76626098c1c4)
[Subsystems] Discovering subsystems at path C:/Program Files/Unity/Hub/Editor/2020.3.3f1/Editor/Data/Resources/UnitySubsystems
[Subsystems] Discovering subsystems at path F:/Projet-Git Perso/GMTKJam2021/GMTKJam/Assets
GfxDevice: creating device client; threaded=0
Direct3D:
    Version:  Direct3D 11.0 [level 11.1]
    Renderer: NVIDIA GeForce GTX 1080 Ti (ID=0x1b06)
    Vendor:   
    VRAM:     11127 MB
    Driver:   27.21.14.6589
Initialize mono
Mono path[0] = 'C:/Program Files/Unity/Hub/Editor/2020.3.3f1/Editor/Data/Managed'
Mono path[1] = 'C:/Program Files/Unity/Hub/Editor/2020.3.3f1/Editor/Data/MonoBleedingEdge/lib/mono/unityjit'
Mono config path = 'C:/Program Files/Unity/Hub/Editor/2020.3.3f1/Editor/Data/MonoBleedingEdge/etc'
Using monoOptions --debugger-agent=transport=dt_socket,embedding=1,server=y,suspend=n,address=127.0.0.1:56288
Begin MonoManager ReloadAssembly
Registering precompiled unity dll's ...
Register platform support module: C:/Program Files/Unity/Hub/Editor/2020.3.3f1/Editor/Data/PlaybackEngines/WindowsStandaloneSupport/UnityEditor.WindowsStandalone.Extensions.dll
Registered in 0.001896 seconds.
Native extension for WindowsStandalone target not found
Refreshing native plugins compatible for Editor in 22.53 ms, found 0 plugins.
Preloading 0 native plugins for Editor in 0.00 ms.
Invoked RoslynAnalysisRunner static constructor.
RoslynAnalysisRunner will not be running.
RoslynAnalysisRunner has terminated.
Mono: successfully reloaded assembly
- Completed reload, in  0.976 seconds
Platform modules already initialized, skipping
Registering precompiled user dll's ...
Registered in 0.000551 seconds.
Begin MonoManager ReloadAssembly
Native extension for WindowsStandalone target not found
Refreshing native plugins compatible for Editor in 0.21 ms, found 0 plugins.
Preloading 0 native plugins for Editor in 0.00 ms.
Invoked RoslynAnalysisRunner static constructor.
RoslynAnalysisRunner will not be running.
RoslynAnalysisRunner has terminated.
Mono: successfully reloaded assembly
- Completed reload, in  0.859 seconds
Platform modules already initialized, skipping
========================================================================
Worker process is ready to serve import requests
Launched and connected shader compiler UnityShaderCompiler.exe after 0.07 seconds
Refreshing native plugins compatible for Editor in 0.24 ms, found 0 plugins.
Preloading 0 native plugins for Editor in 0.00 ms.
Unloading 1238 Unused Serialized files (Serialized files now loaded: 0)
System memory in use before: 65.7 MB.
System memory in use after: 65.7 MB.

Unloading 10 unused Assets to reduce memory usage. Loaded Objects now: 1681.
Total: 1.755000 ms (FindLiveObjects: 0.157400 ms CreateObjectMapping: 0.040800 ms MarkObjects: 1.400500 ms  DeleteObjects: 0.155500 ms)

========================================================================
Received Import Request.
  path: Assets/Scenes/TestBoucleGameplay
  artifactKey: Guid(7aca1d3b08f31614db161fbbac508a3a) Importer(815301076,1909f56bfc062723c751e8b465ee728b)
Start importing Assets/Scenes/TestBoucleGameplay using Guid(7aca1d3b08f31614db161fbbac508a3a) Importer(815301076,1909f56bfc062723c751e8b465ee728b)  -> (artifact id: 'e6072fc3e36324c19785628231d4fef8') in 0.010684 seconds
  Import took 0.013613 seconds .

========================================================================
Received Import Request.
  Time since last request: 19.256313 seconds.
  path: Assets/Prefabs/SceneTest
  artifactKey: Guid(809e7dc84b4355948bf6b1609cf0afad) Importer(815301076,1909f56bfc062723c751e8b465ee728b)
Start importing Assets/Prefabs/SceneTest using Guid(809e7dc84b4355948bf6b1609cf0afad) Importer(815301076,1909f56bfc062723c751e8b465ee728b)  -> (artifact id: '81268889bd6f8589dcd35f459d88760c') in 0.005685 seconds
  Import took 0.011231 seconds .

========================================================================
Received Import Request.
  Time since last request: 22.273212 seconds.
  path: Assets/Prefabs/SceneTest/LevelTest.prefab
  artifactKey: Guid(9eb1bafbae5c62c43be6acf7d6f4589c) Importer(815301076,1909f56bfc062723c751e8b465ee728b)
Start importing Assets/Prefabs/SceneTest/LevelTest.prefab using Guid(9eb1bafbae5c62c43be6acf7d6f4589c) Importer(815301076,1909f56bfc062723c751e8b465ee728b)  -> (artifact id: 'de1377989e5ef582e29b8c9779e03737') in 0.156512 seconds
  Import took 0.160832 seconds .

========================================================================
Received Import Request.
  Time since last request: 22.311609 seconds.
  path: Assets/Scenes/TestBoucleGameplay/MainMenu
  artifactKey: Guid(c686e76a9ff230549bde0703671dd1f6) Importer(815301076,1909f56bfc062723c751e8b465ee728b)
Start importing Assets/Scenes/TestBoucleGameplay/MainMenu using Guid(c686e76a9ff230549bde0703671dd1f6) Importer(815301076,1909f56bfc062723c751e8b465ee728b)  -> (artifact id: '140af03ceef18c5a417f604a75842f1e') in 0.005768 seconds
  Import took 0.008408 seconds .

========================================================================
Received Import Request.
  Time since last request: 16.072924 seconds.
  path: Assets/Scenes/TestBoucleGameplay/MainMenu.unity
  artifactKey: Guid(2c68f705f08f3dd4ca5bad4f7e5214d5) Importer(815301076,1909f56bfc062723c751e8b465ee728b)
Start importing Assets/Scenes/TestBoucleGameplay/MainMenu.unity using Guid(2c68f705f08f3dd4ca5bad4f7e5214d5) Importer(815301076,1909f56bfc062723c751e8b465ee728b)  -> (artifact id: '7051ba5a20a5a3a61b4243d8dc9abe7d') in 0.009568 seconds
  Import took 0.011931 seconds .

========================================================================
Received Import Request.
  Time since last request: 12.448609 seconds.
  path: Assets/Scenes/TestBoucleGameplay/LevelTest1.unity
  artifactKey: Guid(35e2f6e9ad90f59429741ccf2c274014) Importer(815301076,1909f56bfc062723c751e8b465ee728b)
Start importing Assets/Scenes/TestBoucleGameplay/LevelTest1.unity using Guid(35e2f6e9ad90f59429741ccf2c274014) Importer(815301076,1909f56bfc062723c751e8b465ee728b)  -> (artifact id: '3ad6a76c3692eed39b91cb8082c7890a') in 0.006829 seconds
  Import took 0.023657 seconds .

========================================================================
Received Import Request.
  Time since last request: 5.500047 seconds.
  path: Assets/Scenes/TestBoucleGameplay/LevelTest2.unity
  artifactKey: Guid(d82248f54348cb64186f672c631d7a5d) Importer(815301076,1909f56bfc062723c751e8b465ee728b)
Start importing Assets/Scenes/TestBoucleGameplay/LevelTest2.unity using Guid(d82248f54348cb64186f672c631d7a5d) Importer(815301076,1909f56bfc062723c751e8b465ee728b)  -> (artifact id: '98c265f1ed4613049326710a9d750884') in 0.006556 seconds
  Import took 0.060879 seconds .

========================================================================
Received Import Request.
  Time since last request: 6.723030 seconds.
  path: Assets/Scenes/TestBoucleGameplay/LevelTest3.unity
  artifactKey: Guid(5f315461669f42b4a8c69a5f761434e5) Importer(815301076,1909f56bfc062723c751e8b465ee728b)
Start importing Assets/Scenes/TestBoucleGameplay/LevelTest3.unity using Guid(5f315461669f42b4a8c69a5f761434e5) Importer(815301076,1909f56bfc062723c751e8b465ee728b)  -> (artifact id: '34360b7a013712b2b45e3ae9834a3b28') in 0.007091 seconds
  Import took 0.021611 seconds .

========================================================================
Received Import Request.
  Time since last request: 4.706112 seconds.
  path: Assets/Scenes/TestBoucleGameplay/LevelTest4.unity
  artifactKey: Guid(0c6f3f019d871b34b9eb6e8a54d9a2e6) Importer(815301076,1909f56bfc062723c751e8b465ee728b)
Start importing Assets/Scenes/TestBoucleGameplay/LevelTest4.unity using Guid(0c6f3f019d871b34b9eb6e8a54d9a2e6) Importer(815301076,1909f56bfc062723c751e8b465ee728b)  -> (artifact id: '319c63358845b521c46027738841ca79') in 0.006003 seconds
  Import took 0.008983 seconds .

========================================================================
Received Import Request.
  Time since last request: 4.453494 seconds.
  path: Assets/Scenes/TestBoucleGameplay/LevelTest5.unity
  artifactKey: Guid(db9000756ff130f48919bf656c955d16) Importer(815301076,1909f56bfc062723c751e8b465ee728b)
Start importing Assets/Scenes/TestBoucleGameplay/LevelTest5.unity using Guid(db9000756ff130f48919bf656c955d16) Importer(815301076,1909f56bfc062723c751e8b465ee728b)  -> (artifact id: 'd18417dc41ffb11f924d282b36942c26') in 0.005867 seconds
  Import took 0.019874 seconds .

========================================================================
Received Import Request.
  Time since last request: 5.223045 seconds.
  path: Assets/Scenes/TestBoucleGameplay/LevelTest6.unity
  artifactKey: Guid(10b254a696f952b429f953b5d8b6a41c) Importer(815301076,1909f56bfc062723c751e8b465ee728b)
Start importing Assets/Scenes/TestBoucleGameplay/LevelTest6.unity using Guid(10b254a696f952b429f953b5d8b6a41c) Importer(815301076,1909f56bfc062723c751e8b465ee728b)  -> (artifact id: '233579dcac6bbafbc3013f62d575df82') in 0.006556 seconds
  Import took 0.061843 seconds .

========================================================================
Received Import Request.
  Time since last request: 6.317021 seconds.
  path: Assets/Scenes/TestBoucleGameplay/LevelTest7.unity
  artifactKey: Guid(4cd621180d7352649bfe4c30268b0d12) Importer(815301076,1909f56bfc062723c751e8b465ee728b)
Start importing Assets/Scenes/TestBoucleGameplay/LevelTest7.unity using Guid(4cd621180d7352649bfe4c30268b0d12) Importer(815301076,1909f56bfc062723c751e8b465ee728b)  -> (artifact id: '7530c5a7bea75270971a7dd25e0e7815') in 0.008735 seconds
  Import took 0.021535 seconds .

========================================================================
Received Import Request.
  Time since last request: 5.895383 seconds.
  path: Assets/Scenes/TestBoucleGameplay/LevelTest8.unity
  artifactKey: Guid(5bbfce8380b27bd4296f687ea50caa4d) Importer(815301076,1909f56bfc062723c751e8b465ee728b)
Start importing Assets/Scenes/TestBoucleGameplay/LevelTest8.unity using Guid(5bbfce8380b27bd4296f687ea50caa4d) Importer(815301076,1909f56bfc062723c751e8b465ee728b)  -> (artifact id: '7cced2c689b49843a8a4b28eb4bf88ff') in 0.006440 seconds
  Import took 0.018928 seconds .

========================================================================
Received Import Request.
  Time since last request: 3.916298 seconds.
  path: Assets/Scenes/TestBoucleGameplay/LevelTest9.unity
  artifactKey: Guid(c5708e891300e6a428bbfe380f587574) Importer(815301076,1909f56bfc062723c751e8b465ee728b)
Start importing Assets/Scenes/TestBoucleGameplay/LevelTest9.unity using Guid(c5708e891300e6a428bbfe380f587574) Importer(815301076,1909f56bfc062723c751e8b465ee728b)  -> (artifact id: '71a9aded4009c706e5a81e603be53b51') in 0.006758 seconds
  Import took 0.009663 seconds .

========================================================================
Received Import Request.
  Time since last request: 4.946242 seconds.
  path: Assets/Scenes/TestBoucleGameplay/LevelTest10.unity
  artifactKey: Guid(c43f74cec91502144aa27135a805165d) Importer(815301076,1909f56bfc062723c751e8b465ee728b)
Start importing Assets/Scenes/TestBoucleGameplay/LevelTest10.unity using Guid(c43f74cec91502144aa27135a805165d) Importer(815301076,1909f56bfc062723c751e8b465ee728b)  -> (artifact id: '3d89aafe8fa5d37362c0a272ce73571b') in 0.006295 seconds
  Import took 0.008268 seconds .

========================================================================
Received Import Request.
  Time since last request: 10.896911 seconds.
  path: Assets/Scenes/TestBoucleGameplay/EndLevelTest.unity
  artifactKey: Guid(c613aadf6a8c570498c9c0eb15d73841) Importer(815301076,1909f56bfc062723c751e8b465ee728b)
Start importing Assets/Scenes/TestBoucleGameplay/EndLevelTest.unity using Guid(c613aadf6a8c570498c9c0eb15d73841) Importer(815301076,1909f56bfc062723c751e8b465ee728b)  -> (artifact id: 'b3193ceaea08de00e46dfa3415bec2fb') in 0.005870 seconds
  Import took 0.018921 seconds .

========================================================================
Received Import Request.
  Time since last request: 519.758085 seconds.
  path: Assets/Scripts/MainMenu.cs
  artifactKey: Guid(053e88e083a3fbe418323805b15b5a2c) Importer(815301076,1909f56bfc062723c751e8b465ee728b)
Start importing Assets/Scripts/MainMenu.cs using Guid(053e88e083a3fbe418323805b15b5a2c) Importer(815301076,1909f56bfc062723c751e8b465ee728b)  -> (artifact id: '2ce295e0740c2fc9cae555b1ddb0a9f9') in 0.053699 seconds
  Import took 0.069523 seconds .

========================================================================
Received Prepare
Registering precompiled user dll's ...
Registered in 0.000464 seconds.
Begin MonoManager ReloadAssembly
Native extension for WindowsStandalone target not found
Refreshing native plugins compatible for Editor in 0.23 ms, found 0 plugins.
Preloading 0 native plugins for Editor in 0.00 ms.
Invoked RoslynAnalysisRunner static constructor.
RoslynAnalysisRunner will not be running.
RoslynAnalysisRunner has terminated.
Mono: successfully reloaded assembly
- Completed reload, in  0.707 seconds
Platform modules already initialized, skipping
Refreshing native plugins compatible for Editor in 0.24 ms, found 0 plugins.
Preloading 0 native plugins for Editor in 0.00 ms.
Unloading 1220 Unused Serialized files (Serialized files now loaded: 0)
System memory in use before: 68.4 MB.
System memory in use after: 67.9 MB.

Unloading 18 unused Assets to reduce memory usage. Loaded Objects now: 1695.
Total: 2.276900 ms (FindLiveObjects: 0.370900 ms CreateObjectMapping: 0.048800 ms MarkObjects: 1.523700 ms  DeleteObjects: 0.332700 ms)

========================================================================
Received Prepare
Registering precompiled user dll's ...
Registered in 0.000530 seconds.
Begin MonoManager ReloadAssembly
Native extension for WindowsStandalone target not found
Refreshing native plugins compatible for Editor in 0.21 ms, found 0 plugins.
Preloading 0 native plugins for Editor in 0.00 ms.
Invoked RoslynAnalysisRunner static constructor.
RoslynAnalysisRunner will not be running.
RoslynAnalysisRunner has terminated.
Mono: successfully reloaded assembly
- Completed reload, in  0.708 seconds
Platform modules already initialized, skipping
Refreshing native plugins compatible for Editor in 0.32 ms, found 0 plugins.
Preloading 0 native plugins for Editor in 0.00 ms.
Unloading 1220 Unused Serialized files (Serialized files now loaded: 0)
System memory in use before: 68.5 MB.
System memory in use after: 67.9 MB.

Unloading 18 unused Assets to reduce memory usage. Loaded Objects now: 1698.
Total: 2.506000 ms (FindLiveObjects: 0.236500 ms CreateObjectMapping: 0.045200 ms MarkObjects: 1.744700 ms  DeleteObjects: 0.478600 ms)

========================================================================
Received Import Request.
  Time since last request: 289.327870 seconds.
  path: Assets/Scripts/MainMenu.cs
  artifactKey: Guid(053e88e083a3fbe418323805b15b5a2c) Importer(815301076,1909f56bfc062723c751e8b465ee728b)
Start importing Assets/Scripts/MainMenu.cs using Guid(053e88e083a3fbe418323805b15b5a2c) Importer(815301076,1909f56bfc062723c751e8b465ee728b)  -> (artifact id: '35006e6ba6f629936e9cb30f9b1c8061') in 0.006616 seconds
  Import took 0.010153 seconds .

========================================================================
Received Import Request.
  Time since last request: 86.158822 seconds.
  path: Assets/Scenes/TestBoucleGameplay/LevelTest1.unity
  artifactKey: Guid(35e2f6e9ad90f59429741ccf2c274014) Importer(815301076,1909f56bfc062723c751e8b465ee728b)
Start importing Assets/Scenes/TestBoucleGameplay/LevelTest1.unity using Guid(35e2f6e9ad90f59429741ccf2c274014) Importer(815301076,1909f56bfc062723c751e8b465ee728b)  -> (artifact id: '69b07d47acfa2219ac2927049b6d9275') in 0.006905 seconds
  Import took 0.048629 seconds .

========================================================================
Received Prepare
Registering precompiled user dll's ...
Registered in 0.000603 seconds.
Begin MonoManager ReloadAssembly
Native extension for WindowsStandalone target not found
Refreshing native plugins compatible for Editor in 0.25 ms, found 0 plugins.
Preloading 0 native plugins for Editor in 0.00 ms.
Invoked RoslynAnalysisRunner static constructor.
RoslynAnalysisRunner will not be running.
RoslynAnalysisRunner has terminated.
Mono: successfully reloaded assembly
- Completed reload, in  0.763 seconds
Platform modules already initialized, skipping
Refreshing native plugins compatible for Editor in 0.24 ms, found 0 plugins.
Preloading 0 native plugins for Editor in 0.00 ms.
Unloading 1220 Unused Serialized files (Serialized files now loaded: 0)
System memory in use before: 68.5 MB.
System memory in use after: 67.9 MB.

Unloading 18 unused Assets to reduce memory usage. Loaded Objects now: 1701.
Total: 2.308300 ms (FindLiveObjects: 0.230800 ms CreateObjectMapping: 0.037600 ms MarkObjects: 1.716200 ms  DeleteObjects: 0.322500 ms)

========================================================================
Received Prepare
Registering precompiled user dll's ...
Registered in 0.000568 seconds.
Begin MonoManager ReloadAssembly
Native extension for WindowsStandalone target not found
Refreshing native plugins compatible for Editor in 0.21 ms, found 0 plugins.
Preloading 0 native plugins for Editor in 0.00 ms.
Invoked RoslynAnalysisRunner static constructor.
RoslynAnalysisRunner will not be running.
RoslynAnalysisRunner has terminated.
Mono: successfully reloaded assembly
- Completed reload, in  0.736 seconds
Platform modules already initialized, skipping
Refreshing native plugins compatible for Editor in 0.36 ms, found 0 plugins.
Preloading 0 native plugins for Editor in 0.00 ms.
Unloading 1221 Unused Serialized files (Serialized files now loaded: 0)
System memory in use before: 68.5 MB.
System memory in use after: 67.9 MB.

Unloading 18 unused Assets to reduce memory usage. Loaded Objects now: 1705.
Total: 2.444200 ms (FindLiveObjects: 0.149200 ms CreateObjectMapping: 0.041300 ms MarkObjects: 1.932200 ms  DeleteObjects: 0.320600 ms)

========================================================================
Received Prepare
Registering precompiled user dll's ...
Registered in 0.000555 seconds.
Begin MonoManager ReloadAssembly
Native extension for WindowsStandalone target not found
Refreshing native plugins compatible for Editor in 0.25 ms, found 0 plugins.
Preloading 0 native plugins for Editor in 0.00 ms.
Invoked RoslynAnalysisRunner static constructor.
RoslynAnalysisRunner will not be running.
RoslynAnalysisRunner has terminated.
Mono: successfully reloaded assembly
- Completed reload, in  0.708 seconds
Platform modules already initialized, skipping
Refreshing native plugins compatible for Editor in 0.22 ms, found 0 plugins.
Preloading 0 native plugins for Editor in 0.00 ms.
Unloading 1221 Unused Serialized files (Serialized files now loaded: 0)
System memory in use before: 68.5 MB.
System memory in use after: 68.0 MB.

Unloading 18 unused Assets to reduce memory usage. Loaded Objects now: 1708.
Total: 2.035500 ms (FindLiveObjects: 0.197800 ms CreateObjectMapping: 0.044000 ms MarkObjects: 1.480300 ms  DeleteObjects: 0.312000 ms)

========================================================================
Received Prepare
Registering precompiled user dll's ...
Registered in 0.000500 seconds.
Begin MonoManager ReloadAssembly
Native extension for WindowsStandalone target not found
Refreshing native plugins compatible for Editor in 0.29 ms, found 0 plugins.
Preloading 0 native plugins for Editor in 0.00 ms.
Invoked RoslynAnalysisRunner static constructor.
RoslynAnalysisRunner will not be running.
RoslynAnalysisRunner has terminated.
Mono: successfully reloaded assembly
- Completed reload, in  0.716 seconds
Platform modules already initialized, skipping
Refreshing native plugins compatible for Editor in 0.26 ms, found 0 plugins.
Preloading 0 native plugins for Editor in 0.00 ms.
Unloading 1221 Unused Serialized files (Serialized files now loaded: 0)
System memory in use before: 68.5 MB.
System memory in use after: 68.0 MB.

Unloading 18 unused Assets to reduce memory usage. Loaded Objects now: 1711.
Total: 2.286300 ms (FindLiveObjects: 0.167600 ms CreateObjectMapping: 0.043100 ms MarkObjects: 1.601800 ms  DeleteObjects: 0.472800 ms)

========================================================================
Received Prepare
Registering precompiled user dll's ...
Registered in 0.000502 seconds.
Begin MonoManager ReloadAssembly
Native extension for WindowsStandalone target not found
Refreshing native plugins compatible for Editor in 0.22 ms, found 0 plugins.
Preloading 0 native plugins for Editor in 0.00 ms.
Invoked RoslynAnalysisRunner static constructor.
RoslynAnalysisRunner will not be running.
RoslynAnalysisRunner has terminated.
Mono: successfully reloaded assembly
- Completed reload, in  0.704 seconds
Platform modules already initialized, skipping
Refreshing native plugins compatible for Editor in 0.33 ms, found 0 plugins.
Preloading 0 native plugins for Editor in 0.00 ms.
Unloading 1220 Unused Serialized files (Serialized files now loaded: 0)
System memory in use before: 68.5 MB.
System memory in use after: 67.9 MB.

Unloading 19 unused Assets to reduce memory usage. Loaded Objects now: 1713.
Total: 1.779300 ms (FindLiveObjects: 0.200400 ms CreateObjectMapping: 0.037900 ms MarkObjects: 1.244900 ms  DeleteObjects: 0.295000 ms)

========================================================================
Received Prepare
Registering precompiled user dll's ...
Registered in 0.000472 seconds.
Begin MonoManager ReloadAssembly
Native extension for WindowsStandalone target not found
Refreshing native plugins compatible for Editor in 0.21 ms, found 0 plugins.
Preloading 0 native plugins for Editor in 0.00 ms.
Invoked RoslynAnalysisRunner static constructor.
RoslynAnalysisRunner will not be running.
RoslynAnalysisRunner has terminated.
Mono: successfully reloaded assembly
- Completed reload, in  0.697 seconds
Platform modules already initialized, skipping
Refreshing native plugins compatible for Editor in 0.41 ms, found 0 plugins.
Preloading 0 native plugins for Editor in 0.00 ms.
Unloading 1220 Unused Serialized files (Serialized files now loaded: 0)
System memory in use before: 68.5 MB.
System memory in use after: 67.9 MB.

Unloading 18 unused Assets to reduce memory usage. Loaded Objects now: 1716.
Total: 2.798300 ms (FindLiveObjects: 0.477700 ms CreateObjectMapping: 0.154500 ms MarkObjects: 1.666100 ms  DeleteObjects: 0.499000 ms)

========================================================================
Received Prepare
Registering precompiled user dll's ...
Registered in 0.000456 seconds.
Begin MonoManager ReloadAssembly
Native extension for WindowsStandalone target not found
Refreshing native plugins compatible for Editor in 0.30 ms, found 0 plugins.
Preloading 0 native plugins for Editor in 0.00 ms.
Invoked RoslynAnalysisRunner static constructor.
RoslynAnalysisRunner will not be running.
RoslynAnalysisRunner has terminated.
Mono: successfully reloaded assembly
- Completed reload, in  0.701 seconds
Platform modules already initialized, skipping
Refreshing native plugins compatible for Editor in 0.25 ms, found 0 plugins.
Preloading 0 native plugins for Editor in 0.00 ms.
Unloading 1220 Unused Serialized files (Serialized files now loaded: 0)
System memory in use before: 68.5 MB.
System memory in use after: 68.0 MB.

Unloading 18 unused Assets to reduce memory usage. Loaded Objects now: 1719.
Total: 1.871500 ms (FindLiveObjects: 0.286700 ms CreateObjectMapping: 0.037100 ms MarkObjects: 1.252800 ms  DeleteObjects: 0.293900 ms)

========================================================================
Received Prepare
Registering precompiled user dll's ...
Registered in 0.000695 seconds.
Begin MonoManager ReloadAssembly
Native extension for WindowsStandalone target not found
Refreshing native plugins compatible for Editor in 0.21 ms, found 0 plugins.
Preloading 0 native plugins for Editor in 0.00 ms.
Invoked RoslynAnalysisRunner static constructor.
RoslynAnalysisRunner will not be running.
RoslynAnalysisRunner has terminated.
Mono: successfully reloaded assembly
- Completed reload, in  0.700 seconds
Platform modules already initialized, skipping
Refreshing native plugins compatible for Editor in 0.23 ms, found 0 plugins.
Preloading 0 native plugins for Editor in 0.00 ms.
Unloading 1220 Unused Serialized files (Serialized files now loaded: 0)
System memory in use before: 68.5 MB.
System memory in use after: 68.0 MB.

Unloading 18 unused Assets to reduce memory usage. Loaded Objects now: 1722.
Total: 3.013800 ms (FindLiveObjects: 0.402600 ms CreateObjectMapping: 0.122700 ms MarkObjects: 2.102000 ms  DeleteObjects: 0.384700 ms)

========================================================================
Received Prepare
Registering precompiled user dll's ...
Registered in 0.000466 seconds.
Begin MonoManager ReloadAssembly
Native extension for WindowsStandalone target not found
Refreshing native plugins compatible for Editor in 0.23 ms, found 0 plugins.
Preloading 0 native plugins for Editor in 0.00 ms.
Invoked RoslynAnalysisRunner static constructor.
RoslynAnalysisRunner will not be running.
RoslynAnalysisRunner has terminated.
Mono: successfully reloaded assembly
- Completed reload, in  0.690 seconds
Platform modules already initialized, skipping
Refreshing native plugins compatible for Editor in 0.23 ms, found 0 plugins.
Preloading 0 native plugins for Editor in 0.00 ms.
Unloading 1220 Unused Serialized files (Serialized files now loaded: 0)
System memory in use before: 68.5 MB.
System memory in use after: 68.0 MB.

Unloading 18 unused Assets to reduce memory usage. Loaded Objects now: 1725.
Total: 2.091900 ms (FindLiveObjects: 0.161800 ms CreateObjectMapping: 0.102400 ms MarkObjects: 1.443100 ms  DeleteObjects: 0.383600 ms)

========================================================================
Received Prepare
Registering precompiled user dll's ...
Registered in 0.001023 seconds.
Begin MonoManager ReloadAssembly
Native extension for WindowsStandalone target not found
Refreshing native plugins compatible for Editor in 0.30 ms, found 0 plugins.
Preloading 0 native plugins for Editor in 0.00 ms.
Invoked RoslynAnalysisRunner static constructor.
RoslynAnalysisRunner will not be running.
RoslynAnalysisRunner has terminated.
Mono: successfully reloaded assembly
- Completed reload, in  0.777 seconds
Platform modules already initialized, skipping
Refreshing native plugins compatible for Editor in 0.23 ms, found 0 plugins.
Preloading 0 native plugins for Editor in 0.00 ms.
Unloading 1220 Unused Serialized files (Serialized files now loaded: 0)
System memory in use before: 68.5 MB.
System memory in use after: 68.0 MB.

Unloading 18 unused Assets to reduce memory usage. Loaded Objects now: 1728.
Total: 3.760700 ms (FindLiveObjects: 0.742300 ms CreateObjectMapping: 0.158400 ms MarkObjects: 2.349700 ms  DeleteObjects: 0.508200 ms)

========================================================================
Received Prepare
Registering precompiled user dll's ...
Registered in 0.000464 seconds.
Begin MonoManager ReloadAssembly
Native extension for WindowsStandalone target not found
Refreshing native plugins compatible for Editor in 0.39 ms, found 0 plugins.
Preloading 0 native plugins for Editor in 0.00 ms.
Invoked RoslynAnalysisRunner static constructor.
RoslynAnalysisRunner will not be running.
RoslynAnalysisRunner has terminated.
Mono: successfully reloaded assembly
- Completed reload, in  0.703 seconds
Platform modules already initialized, skipping
Refreshing native plugins compatible for Editor in 0.27 ms, found 0 plugins.
Preloading 0 native plugins for Editor in 0.00 ms.
Unloading 1220 Unused Serialized files (Serialized files now loaded: 0)
System memory in use before: 68.6 MB.
System memory in use after: 68.0 MB.

Unloading 18 unused Assets to reduce memory usage. Loaded Objects now: 1731.
Total: 2.007800 ms (FindLiveObjects: 0.167100 ms CreateObjectMapping: 0.036300 ms MarkObjects: 1.444600 ms  DeleteObjects: 0.358900 ms)

========================================================================
Received Prepare
Registering precompiled user dll's ...
Registered in 0.000503 seconds.
Begin MonoManager ReloadAssembly
Native extension for WindowsStandalone target not found
Refreshing native plugins compatible for Editor in 0.28 ms, found 0 plugins.
Preloading 0 native plugins for Editor in 0.00 ms.
Invoked RoslynAnalysisRunner static constructor.
RoslynAnalysisRunner will not be running.
RoslynAnalysisRunner has terminated.
Mono: successfully reloaded assembly
- Completed reload, in  0.671 seconds
Platform modules already initialized, skipping
Refreshing native plugins compatible for Editor in 0.25 ms, found 0 plugins.
Preloading 0 native plugins for Editor in 0.00 ms.
Unloading 1220 Unused Serialized files (Serialized files now loaded: 0)
System memory in use before: 68.6 MB.
System memory in use after: 68.0 MB.

Unloading 18 unused Assets to reduce memory usage. Loaded Objects now: 1734.
Total: 3.061100 ms (FindLiveObjects: 0.255000 ms CreateObjectMapping: 0.085900 ms MarkObjects: 2.211700 ms  DeleteObjects: 0.506500 ms)

========================================================================
Received Import Request.
  Time since last request: 1278.904732 seconds.
  path: Assets/Scripts/GameManager.cs
  artifactKey: Guid(a3f3d2bfa924f344bbb7d54cb9239d28) Importer(815301076,1909f56bfc062723c751e8b465ee728b)
Start importing Assets/Scripts/GameManager.cs using Guid(a3f3d2bfa924f344bbb7d54cb9239d28) Importer(815301076,1909f56bfc062723c751e8b465ee728b)  -> (artifact id: 'f2b0f59464c946fb1a5cce6a1508e625') in 0.009187 seconds
  Import took 0.030067 seconds .

========================================================================
Received Import Request.
  Time since last request: 0.002238 seconds.
  path: Assets/Scripts/GameManager.cs
  artifactKey: Guid(a3f3d2bfa924f344bbb7d54cb9239d28) Importer(815301076,1909f56bfc062723c751e8b465ee728b)
Start importing Assets/Scripts/GameManager.cs using Guid(a3f3d2bfa924f344bbb7d54cb9239d28) Importer(815301076,1909f56bfc062723c751e8b465ee728b)  -> (artifact id: 'f2b0f59464c946fb1a5cce6a1508e625') in 0.001784 seconds
  Import took 0.004428 seconds .

========================================================================
Received Import Request.
  Time since last request: 3.621648 seconds.
  path: ProjectSettings/TagManager.asset
  artifactKey: Guid(00000000000000003000000000000000) Importer(815301076,1909f56bfc062723c751e8b465ee728b)
Start importing ProjectSettings/TagManager.asset using Guid(00000000000000003000000000000000) Importer(815301076,1909f56bfc062723c751e8b465ee728b)  -> (artifact id: 'c60673664d24935201f18d2b72dd6c67') in 0.012751 seconds
  Import took 0.014969 seconds .

========================================================================
Received Import Request.
  Time since last request: 53.812537 seconds.
  path: Assets/Scripts/EndLevelUI.cs
  artifactKey: Guid(c884f29f4b962094e936c001bed13655) Importer(815301076,1909f56bfc062723c751e8b465ee728b)
Start importing Assets/Scripts/EndLevelUI.cs using Guid(c884f29f4b962094e936c001bed13655) Importer(815301076,1909f56bfc062723c751e8b465ee728b)  -> (artifact id: '4ee9cc122bdc15c76e50415a6e779db1') in 0.007021 seconds
  Import took 0.009421 seconds .

========================================================================
Received Import Request.
  Time since last request: 0.000655 seconds.
  path: Assets/Scripts/EndLevelUI.cs
  artifactKey: Guid(c884f29f4b962094e936c001bed13655) Importer(815301076,1909f56bfc062723c751e8b465ee728b)
Start importing Assets/Scripts/EndLevelUI.cs using Guid(c884f29f4b962094e936c001bed13655) Importer(815301076,1909f56bfc062723c751e8b465ee728b)  -> (artifact id: '4ee9cc122bdc15c76e50415a6e779db1') in 0.001804 seconds
  Import took 0.003873 seconds .

========================================================================
Received Prepare
Registering precompiled user dll's ...
Registered in 0.000690 seconds.
Begin MonoManager ReloadAssembly
Native extension for WindowsStandalone target not found
Refreshing native plugins compatible for Editor in 0.22 ms, found 0 plugins.
Preloading 0 native plugins for Editor in 0.00 ms.
Invoked RoslynAnalysisRunner static constructor.
RoslynAnalysisRunner will not be running.
RoslynAnalysisRunner has terminated.
Mono: successfully reloaded assembly
- Completed reload, in  0.784 seconds
Platform modules already initialized, skipping
Refreshing native plugins compatible for Editor in 0.26 ms, found 0 plugins.
Preloading 0 native plugins for Editor in 0.00 ms.
Unloading 1221 Unused Serialized files (Serialized files now loaded: 0)
System memory in use before: 68.6 MB.
System memory in use after: 68.0 MB.

Unloading 19 unused Assets to reduce memory usage. Loaded Objects now: 1738.
Total: 1.818600 ms (FindLiveObjects: 0.216900 ms CreateObjectMapping: 0.035600 ms MarkObjects: 1.273000 ms  DeleteObjects: 0.292300 ms)

========================================================================
Received Import Request.
  Time since last request: 44.230705 seconds.
  path: Assets/Scenes/TestBoucleGameplay/MainMenu.unity
  artifactKey: Guid(2c68f705f08f3dd4ca5bad4f7e5214d5) Importer(815301076,1909f56bfc062723c751e8b465ee728b)
Start importing Assets/Scenes/TestBoucleGameplay/MainMenu.unity using Guid(2c68f705f08f3dd4ca5bad4f7e5214d5) Importer(815301076,1909f56bfc062723c751e8b465ee728b)  -> (artifact id: '2ff1a9994b8a1e4cd4e6f9792ed4ae3f') in 0.010944 seconds
  Import took 0.013418 seconds .

========================================================================
Received Prepare
Registering precompiled user dll's ...
Registered in 0.000524 seconds.
Begin MonoManager ReloadAssembly
Native extension for WindowsStandalone target not found
Refreshing native plugins compatible for Editor in 0.21 ms, found 0 plugins.
Preloading 0 native plugins for Editor in 0.00 ms.
Invoked RoslynAnalysisRunner static constructor.
RoslynAnalysisRunner will not be running.
RoslynAnalysisRunner has terminated.
Mono: successfully reloaded assembly
- Completed reload, in  0.705 seconds
Platform modules already initialized, skipping
Refreshing native plugins compatible for Editor in 0.23 ms, found 0 plugins.
Preloading 0 native plugins for Editor in 0.00 ms.
Unloading 1221 Unused Serialized files (Serialized files now loaded: 0)
System memory in use before: 68.6 MB.
System memory in use after: 68.0 MB.

Unloading 18 unused Assets to reduce memory usage. Loaded Objects now: 1741.
Total: 1.933000 ms (FindLiveObjects: 0.299400 ms CreateObjectMapping: 0.036700 ms MarkObjects: 1.281000 ms  DeleteObjects: 0.315200 ms)

========================================================================
Received Prepare
Registering precompiled user dll's ...
Registered in 0.000498 seconds.
Begin MonoManager ReloadAssembly
Native extension for WindowsStandalone target not found
Refreshing native plugins compatible for Editor in 0.22 ms, found 0 plugins.
Preloading 0 native plugins for Editor in 0.00 ms.
Invoked RoslynAnalysisRunner static constructor.
RoslynAnalysisRunner will not be running.
RoslynAnalysisRunner has terminated.
Mono: successfully reloaded assembly
- Completed reload, in  0.717 seconds
Platform modules already initialized, skipping
Refreshing native plugins compatible for Editor in 0.29 ms, found 0 plugins.
Preloading 0 native plugins for Editor in 0.00 ms.
Unloading 1221 Unused Serialized files (Serialized files now loaded: 0)
System memory in use before: 68.6 MB.
System memory in use after: 68.0 MB.

Unloading 18 unused Assets to reduce memory usage. Loaded Objects now: 1744.
Total: 2.762100 ms (FindLiveObjects: 0.474800 ms CreateObjectMapping: 0.167100 ms MarkObjects: 1.642200 ms  DeleteObjects: 0.476000 ms)

========================================================================
Received Prepare
Registering precompiled user dll's ...
Registered in 0.000513 seconds.
Begin MonoManager ReloadAssembly
Native extension for WindowsStandalone target not found
Refreshing native plugins compatible for Editor in 0.23 ms, found 0 plugins.
Preloading 0 native plugins for Editor in 0.00 ms.
Invoked RoslynAnalysisRunner static constructor.
RoslynAnalysisRunner will not be running.
RoslynAnalysisRunner has terminated.
Mono: successfully reloaded assembly
- Completed reload, in  0.778 seconds
Platform modules already initialized, skipping
Refreshing native plugins compatible for Editor in 0.24 ms, found 0 plugins.
Preloading 0 native plugins for Editor in 0.00 ms.
Unloading 1222 Unused Serialized files (Serialized files now loaded: 0)
System memory in use before: 68.6 MB.
System memory in use after: 68.1 MB.

Unloading 18 unused Assets to reduce memory usage. Loaded Objects now: 1748.
Total: 1.988000 ms (FindLiveObjects: 0.191000 ms CreateObjectMapping: 0.055100 ms MarkObjects: 1.414400 ms  DeleteObjects: 0.326300 ms)

========================================================================
Received Import Request.
  Time since last request: 1267.694405 seconds.
  path: Assets/Scripts/MainMenuUI.cs
  artifactKey: Guid(d57346dccb5bcf942b1e5ea7894944a8) Importer(815301076,1909f56bfc062723c751e8b465ee728b)
Start importing Assets/Scripts/MainMenuUI.cs using Guid(d57346dccb5bcf942b1e5ea7894944a8) Importer(815301076,1909f56bfc062723c751e8b465ee728b)  -> (artifact id: '2d3f2aa81965c9c6701ecc268517990a') in 0.007926 seconds
  Import took 0.009940 seconds .

========================================================================
Received Prepare
Registering precompiled user dll's ...
Registered in 0.000536 seconds.
Begin MonoManager ReloadAssembly
Native extension for WindowsStandalone target not found
Refreshing native plugins compatible for Editor in 0.33 ms, found 0 plugins.
Preloading 0 native plugins for Editor in 0.00 ms.
Invoked RoslynAnalysisRunner static constructor.
RoslynAnalysisRunner will not be running.
RoslynAnalysisRunner has terminated.
Mono: successfully reloaded assembly
- Completed reload, in  0.763 seconds
Platform modules already initialized, skipping
Refreshing native plugins compatible for Editor in 0.24 ms, found 0 plugins.
Preloading 0 native plugins for Editor in 0.00 ms.
Unloading 1222 Unused Serialized files (Serialized files now loaded: 0)
System memory in use before: 68.6 MB.
System memory in use after: 68.1 MB.

Unloading 18 unused Assets to reduce memory usage. Loaded Objects now: 1751.
Total: 2.094800 ms (FindLiveObjects: 0.188700 ms CreateObjectMapping: 0.036600 ms MarkObjects: 1.476300 ms  DeleteObjects: 0.392300 ms)

========================================================================
Received Prepare
Registering precompiled user dll's ...
Registered in 0.000522 seconds.
Begin MonoManager ReloadAssembly
Native extension for WindowsStandalone target not found
Refreshing native plugins compatible for Editor in 0.36 ms, found 0 plugins.
Preloading 0 native plugins for Editor in 0.00 ms.
Invoked RoslynAnalysisRunner static constructor.
RoslynAnalysisRunner will not be running.
RoslynAnalysisRunner has terminated.
Mono: successfully reloaded assembly
- Completed reload, in  0.718 seconds
Platform modules already initialized, skipping
Refreshing native plugins compatible for Editor in 0.24 ms, found 0 plugins.
Preloading 0 native plugins for Editor in 0.00 ms.
Unloading 1222 Unused Serialized files (Serialized files now loaded: 0)
System memory in use before: 68.6 MB.
System memory in use after: 68.1 MB.

Unloading 18 unused Assets to reduce memory usage. Loaded Objects now: 1754.
Total: 1.793800 ms (FindLiveObjects: 0.137900 ms CreateObjectMapping: 0.038400 ms MarkObjects: 1.319800 ms  DeleteObjects: 0.297000 ms)

========================================================================
Received Import Request.
  Time since last request: 217.836002 seconds.
  path: Assets/Scripts/MainMenuUI.cs
  artifactKey: Guid(d57346dccb5bcf942b1e5ea7894944a8) Importer(815301076,1909f56bfc062723c751e8b465ee728b)
Start importing Assets/Scripts/MainMenuUI.cs using Guid(d57346dccb5bcf942b1e5ea7894944a8) Importer(815301076,1909f56bfc062723c751e8b465ee728b)  -> (artifact id: '406966d6cb148ab148ddfc89bd1a0d22') in 0.003180 seconds
  Import took 0.004989 seconds .

========================================================================
Received Prepare
Registering precompiled user dll's ...
Registered in 0.000473 seconds.
Begin MonoManager ReloadAssembly
Native extension for WindowsStandalone target not found
Refreshing native plugins compatible for Editor in 0.22 ms, found 0 plugins.
Preloading 0 native plugins for Editor in 0.00 ms.
Invoked RoslynAnalysisRunner static constructor.
RoslynAnalysisRunner will not be running.
RoslynAnalysisRunner has terminated.
Mono: successfully reloaded assembly
- Completed reload, in  0.687 seconds
Platform modules already initialized, skipping
Refreshing native plugins compatible for Editor in 0.23 ms, found 0 plugins.
Preloading 0 native plugins for Editor in 0.00 ms.
Unloading 1222 Unused Serialized files (Serialized files now loaded: 0)
System memory in use before: 68.6 MB.
System memory in use after: 68.1 MB.

Unloading 18 unused Assets to reduce memory usage. Loaded Objects now: 1757.
Total: 2.184200 ms (FindLiveObjects: 0.198200 ms CreateObjectMapping: 0.049000 ms MarkObjects: 1.566700 ms  DeleteObjects: 0.369600 ms)

========================================================================
Received Prepare
Registering precompiled user dll's ...
Registered in 0.000449 seconds.
Begin MonoManager ReloadAssembly
Native extension for WindowsStandalone target not found
Refreshing native plugins compatible for Editor in 0.23 ms, found 0 plugins.
Preloading 0 native plugins for Editor in 0.00 ms.
Invoked RoslynAnalysisRunner static constructor.
RoslynAnalysisRunner will not be running.
RoslynAnalysisRunner has terminated.
Mono: successfully reloaded assembly
- Completed reload, in  0.686 seconds
Platform modules already initialized, skipping
Refreshing native plugins compatible for Editor in 0.31 ms, found 0 plugins.
Preloading 0 native plugins for Editor in 0.00 ms.
Unloading 1222 Unused Serialized files (Serialized files now loaded: 0)
System memory in use before: 68.7 MB.
System memory in use after: 68.1 MB.

Unloading 18 unused Assets to reduce memory usage. Loaded Objects now: 1760.
Total: 1.901400 ms (FindLiveObjects: 0.169500 ms CreateObjectMapping: 0.037600 ms MarkObjects: 1.368000 ms  DeleteObjects: 0.325500 ms)

========================================================================
Received Prepare
Registering precompiled user dll's ...
Registered in 0.000520 seconds.
Begin MonoManager ReloadAssembly
Native extension for WindowsStandalone target not found
Refreshing native plugins compatible for Editor in 0.22 ms, found 0 plugins.
Preloading 0 native plugins for Editor in 0.00 ms.
Invoked RoslynAnalysisRunner static constructor.
RoslynAnalysisRunner will not be running.
RoslynAnalysisRunner has terminated.
Mono: successfully reloaded assembly
- Completed reload, in  0.718 seconds
Platform modules already initialized, skipping
Refreshing native plugins compatible for Editor in 0.25 ms, found 0 plugins.
Preloading 0 native plugins for Editor in 0.00 ms.
Unloading 1222 Unused Serialized files (Serialized files now loaded: 0)
System memory in use before: 68.7 MB.
System memory in use after: 68.1 MB.

Unloading 18 unused Assets to reduce memory usage. Loaded Objects now: 1763.
Total: 2.519900 ms (FindLiveObjects: 0.287700 ms CreateObjectMapping: 0.084300 ms MarkObjects: 1.781000 ms  DeleteObjects: 0.365600 ms)

========================================================================
Received Prepare
Registering precompiled user dll's ...
Registered in 0.000591 seconds.
Begin MonoManager ReloadAssembly
Native extension for WindowsStandalone target not found
Refreshing native plugins compatible for Editor in 0.22 ms, found 0 plugins.
Preloading 0 native plugins for Editor in 0.00 ms.
Invoked RoslynAnalysisRunner static constructor.
RoslynAnalysisRunner will not be running.
RoslynAnalysisRunner has terminated.
Mono: successfully reloaded assembly
- Completed reload, in  0.689 seconds
Platform modules already initialized, skipping
Refreshing native plugins compatible for Editor in 0.25 ms, found 0 plugins.
Preloading 0 native plugins for Editor in 0.00 ms.
Unloading 1222 Unused Serialized files (Serialized files now loaded: 0)
System memory in use before: 68.7 MB.
System memory in use after: 68.1 MB.

Unloading 18 unused Assets to reduce memory usage. Loaded Objects now: 1766.
Total: 2.833500 ms (FindLiveObjects: 0.429600 ms CreateObjectMapping: 0.121400 ms MarkObjects: 1.851700 ms  DeleteObjects: 0.413200 ms)

========================================================================
Received Prepare
Registering precompiled user dll's ...
Registered in 0.000536 seconds.
Begin MonoManager ReloadAssembly
Native extension for WindowsStandalone target not found
Refreshing native plugins compatible for Editor in 0.22 ms, found 0 plugins.
Preloading 0 native plugins for Editor in 0.00 ms.
Invoked RoslynAnalysisRunner static constructor.
RoslynAnalysisRunner will not be running.
RoslynAnalysisRunner has terminated.
Mono: successfully reloaded assembly
- Completed reload, in  0.732 seconds
Platform modules already initialized, skipping
Refreshing native plugins compatible for Editor in 0.24 ms, found 0 plugins.
Preloading 0 native plugins for Editor in 0.00 ms.
Unloading 1222 Unused Serialized files (Serialized files now loaded: 0)
System memory in use before: 68.7 MB.
System memory in use after: 68.1 MB.

Unloading 18 unused Assets to reduce memory usage. Loaded Objects now: 1769.
Total: 3.250000 ms (FindLiveObjects: 0.185100 ms CreateObjectMapping: 0.046000 ms MarkObjects: 2.636300 ms  DeleteObjects: 0.381700 ms)

========================================================================
Received Prepare
Registering precompiled user dll's ...
Registered in 0.000866 seconds.
Begin MonoManager ReloadAssembly
Native extension for WindowsStandalone target not found
Refreshing native plugins compatible for Editor in 0.21 ms, found 0 plugins.
Preloading 0 native plugins for Editor in 0.00 ms.
Invoked RoslynAnalysisRunner static constructor.
RoslynAnalysisRunner will not be running.
RoslynAnalysisRunner has terminated.
Mono: successfully reloaded assembly
- Completed reload, in  0.687 seconds
Platform modules already initialized, skipping
Refreshing native plugins compatible for Editor in 0.25 ms, found 0 plugins.
Preloading 0 native plugins for Editor in 0.00 ms.
Unloading 1222 Unused Serialized files (Serialized files now loaded: 0)
System memory in use before: 68.7 MB.
System memory in use after: 68.1 MB.

Unloading 18 unused Assets to reduce memory usage. Loaded Objects now: 1772.
Total: 2.964400 ms (FindLiveObjects: 0.155000 ms CreateObjectMapping: 0.036300 ms MarkObjects: 2.327300 ms  DeleteObjects: 0.444700 ms)

========================================================================
Received Prepare
Registering precompiled user dll's ...
Registered in 0.000666 seconds.
Begin MonoManager ReloadAssembly
Native extension for WindowsStandalone target not found
Refreshing native plugins compatible for Editor in 0.23 ms, found 0 plugins.
Preloading 0 native plugins for Editor in 0.00 ms.
Invoked RoslynAnalysisRunner static constructor.
RoslynAnalysisRunner will not be running.
RoslynAnalysisRunner has terminated.
Mono: successfully reloaded assembly
- Completed reload, in  0.696 seconds
Platform modules already initialized, skipping
Refreshing native plugins compatible for Editor in 0.30 ms, found 0 plugins.
Preloading 0 native plugins for Editor in 0.00 ms.
Unloading 1222 Unused Serialized files (Serialized files now loaded: 0)
System memory in use before: 68.7 MB.
System memory in use after: 68.1 MB.

Unloading 18 unused Assets to reduce memory usage. Loaded Objects now: 1775.
Total: 2.681600 ms (FindLiveObjects: 0.207200 ms CreateObjectMapping: 0.041100 ms MarkObjects: 2.036600 ms  DeleteObjects: 0.395600 ms)

========================================================================
Received Prepare
Registering precompiled user dll's ...
Registered in 0.000437 seconds.
Begin MonoManager ReloadAssembly
Native extension for WindowsStandalone target not found
Refreshing native plugins compatible for Editor in 0.22 ms, found 0 plugins.
Preloading 0 native plugins for Editor in 0.00 ms.
Invoked RoslynAnalysisRunner static constructor.
RoslynAnalysisRunner will not be running.
RoslynAnalysisRunner has terminated.
Mono: successfully reloaded assembly
- Completed reload, in  0.720 seconds
Platform modules already initialized, skipping
Refreshing native plugins compatible for Editor in 0.27 ms, found 0 plugins.
Preloading 0 native plugins for Editor in 0.00 ms.
Unloading 1222 Unused Serialized files (Serialized files now loaded: 0)
System memory in use before: 68.7 MB.
System memory in use after: 68.1 MB.

Unloading 18 unused Assets to reduce memory usage. Loaded Objects now: 1778.
Total: 2.078900 ms (FindLiveObjects: 0.316600 ms CreateObjectMapping: 0.090600 ms MarkObjects: 1.319600 ms  DeleteObjects: 0.351100 ms)

========================================================================
Received Prepare
Registering precompiled user dll's ...
Registered in 0.000546 seconds.
Begin MonoManager ReloadAssembly
Native extension for WindowsStandalone target not found
Refreshing native plugins compatible for Editor in 0.67 ms, found 0 plugins.
Preloading 0 native plugins for Editor in 0.00 ms.
Invoked RoslynAnalysisRunner static constructor.
RoslynAnalysisRunner will not be running.
RoslynAnalysisRunner has terminated.
Mono: successfully reloaded assembly
- Completed reload, in  0.677 seconds
Platform modules already initialized, skipping
Refreshing native plugins compatible for Editor in 0.30 ms, found 0 plugins.
Preloading 0 native plugins for Editor in 0.00 ms.
Unloading 1222 Unused Serialized files (Serialized files now loaded: 0)
System memory in use before: 68.7 MB.
System memory in use after: 68.1 MB.

Unloading 18 unused Assets to reduce memory usage. Loaded Objects now: 1781.
Total: 2.620200 ms (FindLiveObjects: 0.305600 ms CreateObjectMapping: 0.114600 ms MarkObjects: 1.698000 ms  DeleteObjects: 0.500700 ms)

========================================================================
Received Import Request.
  Time since last request: 1712.096228 seconds.
  path: Assets/Prefabs/Enemy/EnemyBlack.prefab
  artifactKey: Guid(acf363ab26a39e44f8e70f68e225fe34) Importer(815301076,1909f56bfc062723c751e8b465ee728b)
Start importing Assets/Prefabs/Enemy/EnemyBlack.prefab using Guid(acf363ab26a39e44f8e70f68e225fe34) Importer(815301076,1909f56bfc062723c751e8b465ee728b)  -> (artifact id: '468f5e6d221fbf283d76919fb4b2c00f') in 0.064152 seconds
  Import took 0.083956 seconds .

========================================================================
Received Import Request.
  Time since last request: 0.001434 seconds.
  path: Assets/Prefabs/Enemy/EnemyBlack.prefab
  artifactKey: Guid(acf363ab26a39e44f8e70f68e225fe34) Importer(815301076,1909f56bfc062723c751e8b465ee728b)
Start importing Assets/Prefabs/Enemy/EnemyBlack.prefab using Guid(acf363ab26a39e44f8e70f68e225fe34) Importer(815301076,1909f56bfc062723c751e8b465ee728b)  -> (artifact id: '468f5e6d221fbf283d76919fb4b2c00f') in 0.006643 seconds
  Import took 0.009560 seconds .

========================================================================
Received Import Request.
  Time since last request: 5.473385 seconds.
  path: Assets/Prefabs/Enemy/EnemyBlack.prefab
  artifactKey: Guid(acf363ab26a39e44f8e70f68e225fe34) Importer(815301076,1909f56bfc062723c751e8b465ee728b)
Start importing Assets/Prefabs/Enemy/EnemyBlack.prefab using Guid(acf363ab26a39e44f8e70f68e225fe34) Importer(815301076,1909f56bfc062723c751e8b465ee728b)  -> (artifact id: 'd15e9f6158588e46c3740708daece512') in 0.006535 seconds
  Import took 0.009044 seconds .

========================================================================
Received Import Request.
  Time since last request: 0.013567 seconds.
  path: Assets/Prefabs/Enemy/EnemyBlack.prefab
  artifactKey: Guid(acf363ab26a39e44f8e70f68e225fe34) Importer(815301076,1909f56bfc062723c751e8b465ee728b)
Start importing Assets/Prefabs/Enemy/EnemyBlack.prefab using Guid(acf363ab26a39e44f8e70f68e225fe34) Importer(815301076,1909f56bfc062723c751e8b465ee728b)  -> (artifact id: 'd15e9f6158588e46c3740708daece512') in 0.008119 seconds
  Import took 0.010682 seconds .

========================================================================
Received Import Request.
  Time since last request: 5.146942 seconds.
  path: Assets/Prefabs/Enemy/EnemyBlack.prefab
  artifactKey: Guid(acf363ab26a39e44f8e70f68e225fe34) Importer(815301076,1909f56bfc062723c751e8b465ee728b)
Start importing Assets/Prefabs/Enemy/EnemyBlack.prefab using Guid(acf363ab26a39e44f8e70f68e225fe34) Importer(815301076,1909f56bfc062723c751e8b465ee728b)  -> (artifact id: '9e9777930de72c4c5d792c91565c18c6') in 0.010253 seconds
  Import took 0.013892 seconds .

========================================================================
Received Import Request.
  Time since last request: 4.864113 seconds.
  path: Assets/Prefabs/Enemy/EnemyBlack.prefab
  artifactKey: Guid(acf363ab26a39e44f8e70f68e225fe34) Importer(815301076,1909f56bfc062723c751e8b465ee728b)
Start importing Assets/Prefabs/Enemy/EnemyBlack.prefab using Guid(acf363ab26a39e44f8e70f68e225fe34) Importer(815301076,1909f56bfc062723c751e8b465ee728b)  -> (artifact id: '7d87a698d66ee5ecefcb42c511939cf9') in 0.007432 seconds
  Import took 0.012529 seconds .

========================================================================
Received Import Request.
  Time since last request: 1.184787 seconds.
  path: Assets/Prefabs/Enemy/EnemyBlack.prefab
  artifactKey: Guid(acf363ab26a39e44f8e70f68e225fe34) Importer(815301076,1909f56bfc062723c751e8b465ee728b)
Start importing Assets/Prefabs/Enemy/EnemyBlack.prefab using Guid(acf363ab26a39e44f8e70f68e225fe34) Importer(815301076,1909f56bfc062723c751e8b465ee728b)  -> (artifact id: '9f03150db78fc68b7bd840338e77a0cd') in 0.006655 seconds
  Import took 0.009090 seconds .

========================================================================
Received Import Request.
  Time since last request: 9.184869 seconds.
  path: Assets/Prefabs/Enemy/EnemyBlack.prefab
  artifactKey: Guid(acf363ab26a39e44f8e70f68e225fe34) Importer(815301076,1909f56bfc062723c751e8b465ee728b)
Start importing Assets/Prefabs/Enemy/EnemyBlack.prefab using Guid(acf363ab26a39e44f8e70f68e225fe34) Importer(815301076,1909f56bfc062723c751e8b465ee728b)  -> (artifact id: '88aef249558fd93ae5675305d3c1fe35') in 0.012795 seconds
  Import took 0.016174 seconds .

========================================================================
Received Import Request.
  Time since last request: 6.266050 seconds.
  path: Assets/Prefabs/Enemy/EnemyBlack.prefab
  artifactKey: Guid(acf363ab26a39e44f8e70f68e225fe34) Importer(815301076,1909f56bfc062723c751e8b465ee728b)
Start importing Assets/Prefabs/Enemy/EnemyBlack.prefab using Guid(acf363ab26a39e44f8e70f68e225fe34) Importer(815301076,1909f56bfc062723c751e8b465ee728b)  -> (artifact id: 'fc110605ef7b3829c5e2c6c24bc294c3') in 0.007082 seconds
  Import took 0.009787 seconds .

========================================================================
Received Import Request.
  Time since last request: 1.166687 seconds.
  path: Assets/Prefabs/Enemy/EnemyBlack.prefab
  artifactKey: Guid(acf363ab26a39e44f8e70f68e225fe34) Importer(815301076,1909f56bfc062723c751e8b465ee728b)
Start importing Assets/Prefabs/Enemy/EnemyBlack.prefab using Guid(acf363ab26a39e44f8e70f68e225fe34) Importer(815301076,1909f56bfc062723c751e8b465ee728b)  -> (artifact id: '41c9571a88d0ddd1c358113cfb0accbf') in 0.006853 seconds
  Import took 0.009598 seconds .

========================================================================
Received Import Request.
  Time since last request: 3.054881 seconds.
  path: Assets/Prefabs/Enemy/EnemyBlack.prefab
  artifactKey: Guid(acf363ab26a39e44f8e70f68e225fe34) Importer(815301076,1909f56bfc062723c751e8b465ee728b)
Start importing Assets/Prefabs/Enemy/EnemyBlack.prefab using Guid(acf363ab26a39e44f8e70f68e225fe34) Importer(815301076,1909f56bfc062723c751e8b465ee728b)  -> (artifact id: '08622ebb98538c8ee5772b4eadbd54fc') in 0.009008 seconds
  Import took 0.052268 seconds .

========================================================================
Received Import Request.
  Time since last request: 1.999286 seconds.
  path: Assets/Prefabs/Enemy/EnemyBlack.prefab
  artifactKey: Guid(acf363ab26a39e44f8e70f68e225fe34) Importer(815301076,1909f56bfc062723c751e8b465ee728b)
Start importing Assets/Prefabs/Enemy/EnemyBlack.prefab using Guid(acf363ab26a39e44f8e70f68e225fe34) Importer(815301076,1909f56bfc062723c751e8b465ee728b)  -> (artifact id: '0578c5024994c816e2ac38d3e1c5f770') in 0.006508 seconds
  Import took 0.009143 seconds .

========================================================================
Received Import Request.
  Time since last request: 6.789085 seconds.
  path: Assets/Prefabs/Enemy/EnemyBlack.prefab
  artifactKey: Guid(acf363ab26a39e44f8e70f68e225fe34) Importer(815301076,1909f56bfc062723c751e8b465ee728b)
Start importing Assets/Prefabs/Enemy/EnemyBlack.prefab using Guid(acf363ab26a39e44f8e70f68e225fe34) Importer(815301076,1909f56bfc062723c751e8b465ee728b)  -> (artifact id: '0d805fa11e32dab324070016791bc970') in 0.007859 seconds
  Import took 0.012783 seconds .

========================================================================
Received Import Request.
  Time since last request: 5.073784 seconds.
  path: Assets/Prefabs/Enemy/EnemyWhite.prefab
  artifactKey: Guid(e9bb0cc31859de64b87ddd4f4917b18d) Importer(815301076,1909f56bfc062723c751e8b465ee728b)
Start importing Assets/Prefabs/Enemy/EnemyWhite.prefab using Guid(e9bb0cc31859de64b87ddd4f4917b18d) Importer(815301076,1909f56bfc062723c751e8b465ee728b)  -> (artifact id: '54c856d58867b1ce6fb4c47b66da994c') in 0.010333 seconds
  Import took 0.012663 seconds .

========================================================================
Received Import Request.
  Time since last request: 3.859692 seconds.
  path: Assets/Prefabs/Enemy/EnemyWhite.prefab
  artifactKey: Guid(e9bb0cc31859de64b87ddd4f4917b18d) Importer(815301076,1909f56bfc062723c751e8b465ee728b)
Start importing Assets/Prefabs/Enemy/EnemyWhite.prefab using Guid(e9bb0cc31859de64b87ddd4f4917b18d) Importer(815301076,1909f56bfc062723c751e8b465ee728b)  -> (artifact id: 'e1ff7f8c1e6203d61ebb27f9e8f8f9f2') in 0.006457 seconds
  Import took 0.025756 seconds .

========================================================================
Received Import Request.
  Time since last request: 9.019521 seconds.
  path: Assets/Scenes/TestBoucleGameplay/LevelTest1.unity
  artifactKey: Guid(35e2f6e9ad90f59429741ccf2c274014) Importer(815301076,1909f56bfc062723c751e8b465ee728b)
Start importing Assets/Scenes/TestBoucleGameplay/LevelTest1.unity using Guid(35e2f6e9ad90f59429741ccf2c274014) Importer(815301076,1909f56bfc062723c751e8b465ee728b)  -> (artifact id: 'cce02aeabbc67cb39ffb3f21c1a17b6a') in 0.002673 seconds
  Import took 0.005670 seconds .

========================================================================
Received Import Request.
  Time since last request: 12.862653 seconds.
  path: Assets/Scenes/TestBoucleGameplay/MainMenu.unity
  artifactKey: Guid(2c68f705f08f3dd4ca5bad4f7e5214d5) Importer(815301076,1909f56bfc062723c751e8b465ee728b)
Start importing Assets/Scenes/TestBoucleGameplay/MainMenu.unity using Guid(2c68f705f08f3dd4ca5bad4f7e5214d5) Importer(815301076,1909f56bfc062723c751e8b465ee728b)  -> (artifact id: 'ab553c164625effa3d1c649725756650') in 0.001881 seconds
  Import took 0.004276 seconds .

========================================================================
Received Import Request.
  Time since last request: 0.000488 seconds.
  path: Assets/Scenes/TestBoucleGameplay/MainMenu.unity
  artifactKey: Guid(2c68f705f08f3dd4ca5bad4f7e5214d5) Importer(815301076,1909f56bfc062723c751e8b465ee728b)
Start importing Assets/Scenes/TestBoucleGameplay/MainMenu.unity using Guid(2c68f705f08f3dd4ca5bad4f7e5214d5) Importer(815301076,1909f56bfc062723c751e8b465ee728b)  -> (artifact id: 'ab553c164625effa3d1c649725756650') in 0.002069 seconds
  Import took 0.004646 seconds .

========================================================================
Received Prepare
Registering precompiled user dll's ...
Registered in 0.000484 seconds.
Begin MonoManager ReloadAssembly
Native extension for WindowsStandalone target not found
Refreshing native plugins compatible for Editor in 0.22 ms, found 0 plugins.
Preloading 0 native plugins for Editor in 0.00 ms.
Invoked RoslynAnalysisRunner static constructor.
RoslynAnalysisRunner will not be running.
RoslynAnalysisRunner has terminated.
Mono: successfully reloaded assembly
- Completed reload, in  0.717 seconds
Platform modules already initialized, skipping
Refreshing native plugins compatible for Editor in 0.23 ms, found 0 plugins.
Preloading 0 native plugins for Editor in 0.00 ms.
Unloading 1222 Unused Serialized files (Serialized files now loaded: 0)
System memory in use before: 68.7 MB.
System memory in use after: 68.1 MB.

Unloading 18 unused Assets to reduce memory usage. Loaded Objects now: 1785.
Total: 2.332500 ms (FindLiveObjects: 0.309600 ms CreateObjectMapping: 0.091400 ms MarkObjects: 1.579100 ms  DeleteObjects: 0.351700 ms)

========================================================================
Received Prepare
Registering precompiled user dll's ...
Registered in 0.000536 seconds.
Begin MonoManager ReloadAssembly
Native extension for WindowsStandalone target not found
Refreshing native plugins compatible for Editor in 0.22 ms, found 0 plugins.
Preloading 0 native plugins for Editor in 0.00 ms.
Invoked RoslynAnalysisRunner static constructor.
RoslynAnalysisRunner will not be running.
RoslynAnalysisRunner has terminated.
Mono: successfully reloaded assembly
- Completed reload, in  0.668 seconds
Platform modules already initialized, skipping
Refreshing native plugins compatible for Editor in 0.31 ms, found 0 plugins.
Preloading 0 native plugins for Editor in 0.00 ms.
Unloading 1222 Unused Serialized files (Serialized files now loaded: 0)
System memory in use before: 68.7 MB.
System memory in use after: 68.1 MB.

Unloading 18 unused Assets to reduce memory usage. Loaded Objects now: 1788.
Total: 2.975400 ms (FindLiveObjects: 0.345900 ms CreateObjectMapping: 0.070600 ms MarkObjects: 2.157500 ms  DeleteObjects: 0.399700 ms)

========================================================================
Received Import Request.
  Time since last request: 135.080889 seconds.
  path: Assets/Scripts/PlayerCollision.cs
  artifactKey: Guid(9e97596e7917b7a4c91bcfcabafff200) Importer(815301076,1909f56bfc062723c751e8b465ee728b)
Start importing Assets/Scripts/PlayerCollision.cs using Guid(9e97596e7917b7a4c91bcfcabafff200) Importer(815301076,1909f56bfc062723c751e8b465ee728b)  -> (artifact id: '741f0d608ffb8945209749ec67ef2e5c') in 0.008083 seconds
  Import took 0.022242 seconds .

========================================================================
Received Prepare
Registering precompiled user dll's ...
Registered in 0.000642 seconds.
Begin MonoManager ReloadAssembly
Native extension for WindowsStandalone target not found
Refreshing native plugins compatible for Editor in 0.23 ms, found 0 plugins.
Preloading 0 native plugins for Editor in 0.00 ms.
Invoked RoslynAnalysisRunner static constructor.
RoslynAnalysisRunner will not be running.
RoslynAnalysisRunner has terminated.
Mono: successfully reloaded assembly
- Completed reload, in  0.768 seconds
Platform modules already initialized, skipping
Refreshing native plugins compatible for Editor in 0.25 ms, found 0 plugins.
Preloading 0 native plugins for Editor in 0.00 ms.
Unloading 1223 Unused Serialized files (Serialized files now loaded: 0)
System memory in use before: 68.7 MB.
System memory in use after: 68.2 MB.

Unloading 18 unused Assets to reduce memory usage. Loaded Objects now: 1792.
Total: 2.090700 ms (FindLiveObjects: 0.185500 ms CreateObjectMapping: 0.037100 ms MarkObjects: 1.563500 ms  DeleteObjects: 0.303700 ms)

========================================================================
Received Prepare
Registering precompiled user dll's ...
Registered in 0.000505 seconds.
Begin MonoManager ReloadAssembly
Native extension for WindowsStandalone target not found
Refreshing native plugins compatible for Editor in 0.34 ms, found 0 plugins.
Preloading 0 native plugins for Editor in 0.00 ms.
Invoked RoslynAnalysisRunner static constructor.
RoslynAnalysisRunner will not be running.
RoslynAnalysisRunner has terminated.
Mono: successfully reloaded assembly
- Completed reload, in  0.720 seconds
Platform modules already initialized, skipping
Refreshing native plugins compatible for Editor in 0.32 ms, found 0 plugins.
Preloading 0 native plugins for Editor in 0.00 ms.
Unloading 1223 Unused Serialized files (Serialized files now loaded: 0)
System memory in use before: 68.8 MB.
System memory in use after: 68.2 MB.

Unloading 18 unused Assets to reduce memory usage. Loaded Objects now: 1795.
Total: 3.843900 ms (FindLiveObjects: 0.379200 ms CreateObjectMapping: 0.085400 ms MarkObjects: 2.933700 ms  DeleteObjects: 0.444100 ms)

========================================================================
Received Import Request.
  Time since last request: 28.193100 seconds.
  path: Assets/Scripts/PlayerCollision.cs
  artifactKey: Guid(9e97596e7917b7a4c91bcfcabafff200) Importer(815301076,1909f56bfc062723c751e8b465ee728b)
Start importing Assets/Scripts/PlayerCollision.cs using Guid(9e97596e7917b7a4c91bcfcabafff200) Importer(815301076,1909f56bfc062723c751e8b465ee728b)  -> (artifact id: '80b0cf54e611f65e2d2565bf02a54613') in 0.004729 seconds
  Import took 0.006712 seconds .

========================================================================
Received Import Request.
  Time since last request: 9.227290 seconds.
  path: Assets/Prefabs/Player/PlayerBlack.prefab
  artifactKey: Guid(9ef098dbff273904fa8a3ffcb8a528c4) Importer(815301076,1909f56bfc062723c751e8b465ee728b)
Start importing Assets/Prefabs/Player/PlayerBlack.prefab using Guid(9ef098dbff273904fa8a3ffcb8a528c4) Importer(815301076,1909f56bfc062723c751e8b465ee728b)  -> (artifact id: 'd5903b2a522d06bfde63e535244eb92f') in 0.073145 seconds
  Import took 0.076317 seconds .

========================================================================
Received Import Request.
  Time since last request: 0.000198 seconds.
  path: Assets/Prefabs/Player/PlayerManager.prefab
  artifactKey: Guid(b7212d378f81fc542994d0bad2b720d4) Importer(815301076,1909f56bfc062723c751e8b465ee728b)
Start importing Assets/Prefabs/Player/PlayerManager.prefab using Guid(b7212d378f81fc542994d0bad2b720d4) Importer(815301076,1909f56bfc062723c751e8b465ee728b)  -> (artifact id: '7378ed34c44fd55d2b592c4bf379ab41') in 0.015306 seconds
  Import took 0.017572 seconds .

========================================================================
Received Import Request.
  Time since last request: 4.210305 seconds.
  path: Assets/Prefabs/Player/PlayerManager.prefab
  artifactKey: Guid(b7212d378f81fc542994d0bad2b720d4) Importer(815301076,1909f56bfc062723c751e8b465ee728b)
Start importing Assets/Prefabs/Player/PlayerManager.prefab using Guid(b7212d378f81fc542994d0bad2b720d4) Importer(815301076,1909f56bfc062723c751e8b465ee728b)  -> (artifact id: 'b2d365ee6941ca607262c9ceb4239fdf') in 0.007506 seconds
  Import took 0.010063 seconds .

========================================================================
Received Import Request.
  Time since last request: 0.000184 seconds.
  path: Assets/Prefabs/Player/PlayerWhite.prefab
  artifactKey: Guid(f09edef94db2f2b49a45a083e8c96922) Importer(815301076,1909f56bfc062723c751e8b465ee728b)
Start importing Assets/Prefabs/Player/PlayerWhite.prefab using Guid(f09edef94db2f2b49a45a083e8c96922) Importer(815301076,1909f56bfc062723c751e8b465ee728b)  -> (artifact id: 'cc4bb3f194a85a87268e337608650d0c') in 0.012111 seconds
  Import took 0.014942 seconds .

========================================================================
Received Prepare
Registering precompiled user dll's ...
Registered in 0.000445 seconds.
Begin MonoManager ReloadAssembly
Native extension for WindowsStandalone target not found
Refreshing native plugins compatible for Editor in 0.22 ms, found 0 plugins.
Preloading 0 native plugins for Editor in 0.00 ms.
Invoked RoslynAnalysisRunner static constructor.
RoslynAnalysisRunner will not be running.
RoslynAnalysisRunner has terminated.
Mono: successfully reloaded assembly
- Completed reload, in  0.708 seconds
Platform modules already initialized, skipping
Refreshing native plugins compatible for Editor in 0.25 ms, found 0 plugins.
Preloading 0 native plugins for Editor in 0.00 ms.
Unloading 1223 Unused Serialized files (Serialized files now loaded: 0)
System memory in use before: 68.8 MB.
System memory in use after: 68.2 MB.

Unloading 18 unused Assets to reduce memory usage. Loaded Objects now: 1799.
Total: 3.702600 ms (FindLiveObjects: 0.420100 ms CreateObjectMapping: 0.067000 ms MarkObjects: 2.787300 ms  DeleteObjects: 0.426000 ms)

========================================================================
Received Prepare
Registering precompiled user dll's ...
Registered in 0.000480 seconds.
Begin MonoManager ReloadAssembly
Native extension for WindowsStandalone target not found
Refreshing native plugins compatible for Editor in 0.22 ms, found 0 plugins.
Preloading 0 native plugins for Editor in 0.00 ms.
Invoked RoslynAnalysisRunner static constructor.
RoslynAnalysisRunner will not be running.
RoslynAnalysisRunner has terminated.
Mono: successfully reloaded assembly
- Completed reload, in  0.700 seconds
Platform modules already initialized, skipping
Refreshing native plugins compatible for Editor in 0.24 ms, found 0 plugins.
Preloading 0 native plugins for Editor in 0.00 ms.
Unloading 1223 Unused Serialized files (Serialized files now loaded: 0)
System memory in use before: 68.8 MB.
System memory in use after: 68.2 MB.

Unloading 18 unused Assets to reduce memory usage. Loaded Objects now: 1802.
Total: 2.159200 ms (FindLiveObjects: 0.254400 ms CreateObjectMapping: 0.046900 ms MarkObjects: 1.553500 ms  DeleteObjects: 0.303400 ms)

AssetImportWorkerClient::OnTransportError - code=2 error=End of file
