Using pre-set license
Built from '2020.3/staging' branch; Version is '2020.3.3f1 (76626098c1c4) revision 7758432'; Using compiler version '192528614'; Build Type 'Release'
OS: 'Windows 10 Pro; OS build 19042.1052; Version 2009; 64bit' Language: 'en' Physical Memory: 16338 MB
BatchMode: 1, IsHumanControllingUs: 0, StartBugReporterOnCrash: 0, Is64bit: 1, IsPro: 0

 COMMAND LINE ARGUMENTS:
C:\Program Files\Unity\Hub\Editor\2020.3.3f1\Editor\Unity.exe
-adb2
-batchMode
-noUpm
-name
AssetImportWorker0
-projectPath
F:/Projet-Git Perso/GMTKJam2021/GMTKJam
-logFile
Logs/AssetImportWorker0.log
-srvPort
56811
Successfully changed project path to: F:/Projet-Git Perso/GMTKJam2021/GMTKJam
F:/Projet-Git Perso/GMTKJam2021/GMTKJam
Using Asset Import Pipeline V2.
Refreshing native plugins compatible for Editor in 21.38 ms, found 0 plugins.
Preloading 0 native plugins for Editor in 0.00 ms.
Initialize engine version: 2020.3.3f1 (76626098c1c4)
[Subsystems] Discovering subsystems at path C:/Program Files/Unity/Hub/Editor/2020.3.3f1/Editor/Data/Resources/UnitySubsystems
[Subsystems] Discovering subsystems at path F:/Projet-Git Perso/GMTKJam2021/GMTKJam/Assets
GfxDevice: creating device client; threaded=0
Direct3D:
    Version:  Direct3D 11.0 [level 11.1]
    Renderer: NVIDIA GeForce GTX 1080 Ti (ID=0x1b06)
    Vendor:   
    VRAM:     11127 MB
    Driver:   27.21.14.6589
Initialize mono
Mono path[0] = 'C:/Program Files/Unity/Hub/Editor/2020.3.3f1/Editor/Data/Managed'
Mono path[1] = 'C:/Program Files/Unity/Hub/Editor/2020.3.3f1/Editor/Data/MonoBleedingEdge/lib/mono/unityjit'
Mono config path = 'C:/Program Files/Unity/Hub/Editor/2020.3.3f1/Editor/Data/MonoBleedingEdge/etc'
Using monoOptions --debugger-agent=transport=dt_socket,embedding=1,server=y,suspend=n,address=127.0.0.1:56408
Begin MonoManager ReloadAssembly
Registering precompiled unity dll's ...
Register platform support module: C:/Program Files/Unity/Hub/Editor/2020.3.3f1/Editor/Data/PlaybackEngines/WindowsStandaloneSupport/UnityEditor.WindowsStandalone.Extensions.dll
Registered in 0.002040 seconds.
Native extension for WindowsStandalone target not found
Refreshing native plugins compatible for Editor in 27.99 ms, found 0 plugins.
Preloading 0 native plugins for Editor in 0.00 ms.
Invoked RoslynAnalysisRunner static constructor.
RoslynAnalysisRunner will not be running.
RoslynAnalysisRunner has terminated.
Mono: successfully reloaded assembly
- Completed reload, in  1.020 seconds
Platform modules already initialized, skipping
Registering precompiled user dll's ...
Registered in 0.000496 seconds.
Begin MonoManager ReloadAssembly
Native extension for WindowsStandalone target not found
Refreshing native plugins compatible for Editor in 0.31 ms, found 0 plugins.
Preloading 0 native plugins for Editor in 0.00 ms.
Invoked RoslynAnalysisRunner static constructor.
RoslynAnalysisRunner will not be running.
RoslynAnalysisRunner has terminated.
Mono: successfully reloaded assembly
- Completed reload, in  0.812 seconds
Platform modules already initialized, skipping
========================================================================
Worker process is ready to serve import requests
Launched and connected shader compiler UnityShaderCompiler.exe after 0.05 seconds
Refreshing native plugins compatible for Editor in 0.36 ms, found 0 plugins.
Preloading 0 native plugins for Editor in 0.00 ms.
Unloading 1118 Unused Serialized files (Serialized files now loaded: 0)
System memory in use before: 57.3 MB.
System memory in use after: 57.3 MB.

Unloading 10 unused Assets to reduce memory usage. Loaded Objects now: 1560.
Total: 3.635400 ms (FindLiveObjects: 0.539900 ms CreateObjectMapping: 0.117200 ms MarkObjects: 2.873500 ms  DeleteObjects: 0.103300 ms)

========================================================================
Received Import Request.
  path: Assets/Scripts/Bullet.cs
  artifactKey: Guid(1f869c7e50328c54d9ffb9bb772c48da) Importer(815301076,1909f56bfc062723c751e8b465ee728b)
Start importing Assets/Scripts/Bullet.cs using Guid(1f869c7e50328c54d9ffb9bb772c48da) Importer(815301076,1909f56bfc062723c751e8b465ee728b)  -> (artifact id: '55de86c3a03fa821e840c3b4b5a078eb') in 0.039294 seconds
  Import took 0.041892 seconds .

========================================================================
Received Import Request.
  Time since last request: 256.649177 seconds.
  path: Assets/Scripts/Enemy.cs
  artifactKey: Guid(07a9bdacc4635f14a83df21d608a3def) Importer(815301076,1909f56bfc062723c751e8b465ee728b)
Start importing Assets/Scripts/Enemy.cs using Guid(07a9bdacc4635f14a83df21d608a3def) Importer(815301076,1909f56bfc062723c751e8b465ee728b)  -> (artifact id: 'fda783f12b9c72c31983855aacc36aaf') in 0.007010 seconds
  Import took 0.009134 seconds .

========================================================================
Received Prepare
Registering precompiled user dll's ...
Registered in 0.000375 seconds.
Begin MonoManager ReloadAssembly
Native extension for WindowsStandalone target not found
Refreshing native plugins compatible for Editor in 0.27 ms, found 0 plugins.
Preloading 0 native plugins for Editor in 0.00 ms.
Invoked RoslynAnalysisRunner static constructor.
RoslynAnalysisRunner will not be running.
RoslynAnalysisRunner has terminated.
Mono: successfully reloaded assembly
- Completed reload, in  0.735 seconds
Platform modules already initialized, skipping
Refreshing native plugins compatible for Editor in 0.18 ms, found 0 plugins.
Preloading 0 native plugins for Editor in 0.00 ms.
Unloading 1113 Unused Serialized files (Serialized files now loaded: 0)
System memory in use before: 57.2 MB.
System memory in use after: 57.3 MB.

Unloading 5 unused Assets to reduce memory usage. Loaded Objects now: 1563.
Total: 1.506900 ms (FindLiveObjects: 0.166900 ms CreateObjectMapping: 0.035400 ms MarkObjects: 1.231500 ms  DeleteObjects: 0.072000 ms)

========================================================================
Received Import Request.
  Time since last request: 104.176060 seconds.
  path: Assets/Prefabs/PlayerBlackBullet.prefab
  artifactKey: Guid(f3dd3b695a3fff64bbaf2eff52867761) Importer(815301076,1909f56bfc062723c751e8b465ee728b)
Start importing Assets/Prefabs/PlayerBlackBullet.prefab using Guid(f3dd3b695a3fff64bbaf2eff52867761) Importer(815301076,1909f56bfc062723c751e8b465ee728b)  -> (artifact id: '2904add6dc6fe7504f981facce6ab609') in 0.076247 seconds
  Import took 0.078868 seconds .

========================================================================
Received Import Request.
  Time since last request: 5.600593 seconds.
  path: Assets/Prefabs/EnemyWhiteBullet.prefab
  artifactKey: Guid(6339b8aeb08e32a40b543eaeec796358) Importer(815301076,1909f56bfc062723c751e8b465ee728b)
Start importing Assets/Prefabs/EnemyWhiteBullet.prefab using Guid(6339b8aeb08e32a40b543eaeec796358) Importer(815301076,1909f56bfc062723c751e8b465ee728b)  -> (artifact id: '0d33fc60c2fa2217564b6f9e8e3868a5') in 0.012374 seconds
  Import took 0.014991 seconds .

========================================================================
Received Import Request.
  Time since last request: 0.014789 seconds.
  path: Assets/Prefabs/EnemyWhiteBullet.prefab
  artifactKey: Guid(6339b8aeb08e32a40b543eaeec796358) Importer(815301076,1909f56bfc062723c751e8b465ee728b)
Start importing Assets/Prefabs/EnemyWhiteBullet.prefab using Guid(6339b8aeb08e32a40b543eaeec796358) Importer(815301076,1909f56bfc062723c751e8b465ee728b)  -> (artifact id: '0d33fc60c2fa2217564b6f9e8e3868a5') in 0.005881 seconds
  Import took 0.007931 seconds .

========================================================================
Received Import Request.
  Time since last request: 2.165467 seconds.
  path: Assets/Prefabs/EnemyBlackBullet.prefab
  artifactKey: Guid(41db854c44c80cc4882c9d5eaa4fa68d) Importer(815301076,1909f56bfc062723c751e8b465ee728b)
Start importing Assets/Prefabs/EnemyBlackBullet.prefab using Guid(41db854c44c80cc4882c9d5eaa4fa68d) Importer(815301076,1909f56bfc062723c751e8b465ee728b)  -> (artifact id: '9a510239ed2e30a0dba307829fa372b6') in 0.011426 seconds
  Import took 0.013642 seconds .

========================================================================
Received Import Request.
  Time since last request: 0.014185 seconds.
  path: Assets/Prefabs/EnemyBlackBullet.prefab
  artifactKey: Guid(41db854c44c80cc4882c9d5eaa4fa68d) Importer(815301076,1909f56bfc062723c751e8b465ee728b)
Start importing Assets/Prefabs/EnemyBlackBullet.prefab using Guid(41db854c44c80cc4882c9d5eaa4fa68d) Importer(815301076,1909f56bfc062723c751e8b465ee728b)  -> (artifact id: '9a510239ed2e30a0dba307829fa372b6') in 0.007437 seconds
  Import took 0.010800 seconds .

========================================================================
Received Prepare
Registering precompiled user dll's ...
Registered in 0.000708 seconds.
Begin MonoManager ReloadAssembly
Native extension for WindowsStandalone target not found
Refreshing native plugins compatible for Editor in 0.18 ms, found 0 plugins.
Preloading 0 native plugins for Editor in 0.00 ms.
Invoked RoslynAnalysisRunner static constructor.
RoslynAnalysisRunner will not be running.
RoslynAnalysisRunner has terminated.
Mono: successfully reloaded assembly
- Completed reload, in  0.696 seconds
Platform modules already initialized, skipping
Refreshing native plugins compatible for Editor in 0.22 ms, found 0 plugins.
Preloading 0 native plugins for Editor in 0.00 ms.
Unloading 1113 Unused Serialized files (Serialized files now loaded: 0)
System memory in use before: 60.4 MB.
System memory in use after: 60.4 MB.

Unloading 5 unused Assets to reduce memory usage. Loaded Objects now: 1574.
Total: 1.851700 ms (FindLiveObjects: 0.172400 ms CreateObjectMapping: 0.068200 ms MarkObjects: 1.483100 ms  DeleteObjects: 0.126600 ms)

========================================================================
Received Prepare
Registering precompiled user dll's ...
Registered in 0.000492 seconds.
Begin MonoManager ReloadAssembly
Native extension for WindowsStandalone target not found
Refreshing native plugins compatible for Editor in 0.20 ms, found 0 plugins.
Preloading 0 native plugins for Editor in 0.00 ms.
Invoked RoslynAnalysisRunner static constructor.
RoslynAnalysisRunner will not be running.
RoslynAnalysisRunner has terminated.
Mono: successfully reloaded assembly
- Completed reload, in  0.677 seconds
Platform modules already initialized, skipping
Refreshing native plugins compatible for Editor in 0.18 ms, found 0 plugins.
Preloading 0 native plugins for Editor in 0.00 ms.
Unloading 1113 Unused Serialized files (Serialized files now loaded: 0)
System memory in use before: 60.4 MB.
System memory in use after: 60.5 MB.

Unloading 5 unused Assets to reduce memory usage. Loaded Objects now: 1577.
Total: 1.638500 ms (FindLiveObjects: 0.159800 ms CreateObjectMapping: 0.037400 ms MarkObjects: 1.350800 ms  DeleteObjects: 0.089400 ms)

========================================================================
Received Prepare
Registering precompiled user dll's ...
Registered in 0.000618 seconds.
Begin MonoManager ReloadAssembly
Native extension for WindowsStandalone target not found
Refreshing native plugins compatible for Editor in 0.19 ms, found 0 plugins.
Preloading 0 native plugins for Editor in 0.00 ms.
Invoked RoslynAnalysisRunner static constructor.
RoslynAnalysisRunner will not be running.
RoslynAnalysisRunner has terminated.
Mono: successfully reloaded assembly
- Completed reload, in  0.691 seconds
Platform modules already initialized, skipping
Refreshing native plugins compatible for Editor in 0.19 ms, found 0 plugins.
Preloading 0 native plugins for Editor in 0.00 ms.
Unloading 1113 Unused Serialized files (Serialized files now loaded: 0)
System memory in use before: 60.4 MB.
System memory in use after: 60.5 MB.

Unloading 5 unused Assets to reduce memory usage. Loaded Objects now: 1580.
Total: 1.816900 ms (FindLiveObjects: 0.171800 ms CreateObjectMapping: 0.032200 ms MarkObjects: 1.529300 ms  DeleteObjects: 0.082600 ms)

========================================================================
Received Prepare
Registering precompiled user dll's ...
Registered in 0.000940 seconds.
Begin MonoManager ReloadAssembly
Native extension for WindowsStandalone target not found
Refreshing native plugins compatible for Editor in 0.18 ms, found 0 plugins.
Preloading 0 native plugins for Editor in 0.00 ms.
Invoked RoslynAnalysisRunner static constructor.
RoslynAnalysisRunner will not be running.
RoslynAnalysisRunner has terminated.
Mono: successfully reloaded assembly
- Completed reload, in  0.640 seconds
Platform modules already initialized, skipping
Refreshing native plugins compatible for Editor in 0.18 ms, found 0 plugins.
Preloading 0 native plugins for Editor in 0.00 ms.
Unloading 1113 Unused Serialized files (Serialized files now loaded: 0)
System memory in use before: 60.4 MB.
System memory in use after: 60.5 MB.

Unloading 5 unused Assets to reduce memory usage. Loaded Objects now: 1583.
Total: 1.795600 ms (FindLiveObjects: 0.162200 ms CreateObjectMapping: 0.048400 ms MarkObjects: 1.484500 ms  DeleteObjects: 0.099800 ms)

========================================================================
Received Prepare
Registering precompiled user dll's ...
Registered in 0.000683 seconds.
Begin MonoManager ReloadAssembly
Native extension for WindowsStandalone target not found
Refreshing native plugins compatible for Editor in 0.19 ms, found 0 plugins.
Preloading 0 native plugins for Editor in 0.00 ms.
Invoked RoslynAnalysisRunner static constructor.
RoslynAnalysisRunner will not be running.
RoslynAnalysisRunner has terminated.
Mono: successfully reloaded assembly
- Completed reload, in  0.671 seconds
Platform modules already initialized, skipping
Refreshing native plugins compatible for Editor in 0.19 ms, found 0 plugins.
Preloading 0 native plugins for Editor in 0.00 ms.
Unloading 1113 Unused Serialized files (Serialized files now loaded: 0)
System memory in use before: 60.4 MB.
System memory in use after: 60.5 MB.

Unloading 5 unused Assets to reduce memory usage. Loaded Objects now: 1586.
Total: 1.777200 ms (FindLiveObjects: 0.153800 ms CreateObjectMapping: 0.033300 ms MarkObjects: 1.527900 ms  DeleteObjects: 0.044300 ms)

========================================================================
Received Prepare
Registering precompiled user dll's ...
Registered in 0.000699 seconds.
Begin MonoManager ReloadAssembly
Native extension for WindowsStandalone target not found
Refreshing native plugins compatible for Editor in 0.19 ms, found 0 plugins.
Preloading 0 native plugins for Editor in 0.00 ms.
Invoked RoslynAnalysisRunner static constructor.
RoslynAnalysisRunner will not be running.
RoslynAnalysisRunner has terminated.
Mono: successfully reloaded assembly
- Completed reload, in  0.682 seconds
Platform modules already initialized, skipping
Refreshing native plugins compatible for Editor in 0.18 ms, found 0 plugins.
Preloading 0 native plugins for Editor in 0.00 ms.
Unloading 1113 Unused Serialized files (Serialized files now loaded: 0)
System memory in use before: 60.4 MB.
System memory in use after: 60.5 MB.

Unloading 5 unused Assets to reduce memory usage. Loaded Objects now: 1589.
Total: 1.624000 ms (FindLiveObjects: 0.152800 ms CreateObjectMapping: 0.037500 ms MarkObjects: 1.390800 ms  DeleteObjects: 0.041700 ms)

========================================================================
Received Prepare
Registering precompiled user dll's ...
Registered in 0.000861 seconds.
Begin MonoManager ReloadAssembly
Native extension for WindowsStandalone target not found
Refreshing native plugins compatible for Editor in 0.18 ms, found 0 plugins.
Preloading 0 native plugins for Editor in 0.00 ms.
Invoked RoslynAnalysisRunner static constructor.
RoslynAnalysisRunner will not be running.
RoslynAnalysisRunner has terminated.
Mono: successfully reloaded assembly
- Completed reload, in  0.679 seconds
Platform modules already initialized, skipping
Refreshing native plugins compatible for Editor in 0.18 ms, found 0 plugins.
Preloading 0 native plugins for Editor in 0.00 ms.
Unloading 1113 Unused Serialized files (Serialized files now loaded: 0)
System memory in use before: 60.4 MB.
System memory in use after: 60.5 MB.

Unloading 5 unused Assets to reduce memory usage. Loaded Objects now: 1592.
Total: 2.017000 ms (FindLiveObjects: 0.330700 ms CreateObjectMapping: 0.101700 ms MarkObjects: 1.501500 ms  DeleteObjects: 0.081400 ms)

========================================================================
Received Prepare
Registering precompiled user dll's ...
Registered in 0.000508 seconds.
Begin MonoManager ReloadAssembly
Native extension for WindowsStandalone target not found
Refreshing native plugins compatible for Editor in 0.19 ms, found 0 plugins.
Preloading 0 native plugins for Editor in 0.00 ms.
Invoked RoslynAnalysisRunner static constructor.
RoslynAnalysisRunner will not be running.
RoslynAnalysisRunner has terminated.
Mono: successfully reloaded assembly
- Completed reload, in  0.697 seconds
Platform modules already initialized, skipping
Refreshing native plugins compatible for Editor in 0.19 ms, found 0 plugins.
Preloading 0 native plugins for Editor in 0.00 ms.
Unloading 1113 Unused Serialized files (Serialized files now loaded: 0)
System memory in use before: 60.4 MB.
System memory in use after: 60.5 MB.

Unloading 5 unused Assets to reduce memory usage. Loaded Objects now: 1595.
Total: 1.660000 ms (FindLiveObjects: 0.147400 ms CreateObjectMapping: 0.043000 ms MarkObjects: 1.427100 ms  DeleteObjects: 0.041500 ms)

========================================================================
Received Prepare
Registering precompiled user dll's ...
Registered in 0.001012 seconds.
Begin MonoManager ReloadAssembly
Native extension for WindowsStandalone target not found
Refreshing native plugins compatible for Editor in 0.19 ms, found 0 plugins.
Preloading 0 native plugins for Editor in 0.00 ms.
Invoked RoslynAnalysisRunner static constructor.
RoslynAnalysisRunner will not be running.
RoslynAnalysisRunner has terminated.
Mono: successfully reloaded assembly
- Completed reload, in  0.666 seconds
Platform modules already initialized, skipping
Refreshing native plugins compatible for Editor in 0.18 ms, found 0 plugins.
Preloading 0 native plugins for Editor in 0.00 ms.
Unloading 1113 Unused Serialized files (Serialized files now loaded: 0)
System memory in use before: 60.4 MB.
System memory in use after: 60.5 MB.

Unloading 5 unused Assets to reduce memory usage. Loaded Objects now: 1598.
Total: 2.449300 ms (FindLiveObjects: 0.264300 ms CreateObjectMapping: 0.086300 ms MarkObjects: 2.015300 ms  DeleteObjects: 0.082400 ms)

========================================================================
Received Prepare
Registering precompiled user dll's ...
Registered in 0.000457 seconds.
Begin MonoManager ReloadAssembly
Native extension for WindowsStandalone target not found
Refreshing native plugins compatible for Editor in 0.19 ms, found 0 plugins.
Preloading 0 native plugins for Editor in 0.00 ms.
Invoked RoslynAnalysisRunner static constructor.
RoslynAnalysisRunner will not be running.
RoslynAnalysisRunner has terminated.
Mono: successfully reloaded assembly
- Completed reload, in  0.651 seconds
Platform modules already initialized, skipping
Refreshing native plugins compatible for Editor in 0.19 ms, found 0 plugins.
Preloading 0 native plugins for Editor in 0.00 ms.
Unloading 1113 Unused Serialized files (Serialized files now loaded: 0)
System memory in use before: 60.4 MB.
System memory in use after: 60.5 MB.

Unloading 5 unused Assets to reduce memory usage. Loaded Objects now: 1601.
Total: 1.811400 ms (FindLiveObjects: 0.203400 ms CreateObjectMapping: 0.057600 ms MarkObjects: 1.505000 ms  DeleteObjects: 0.044400 ms)

========================================================================
Received Prepare
Registering precompiled user dll's ...
Registered in 0.000765 seconds.
Begin MonoManager ReloadAssembly
Native extension for WindowsStandalone target not found
Refreshing native plugins compatible for Editor in 0.42 ms, found 0 plugins.
Preloading 0 native plugins for Editor in 0.00 ms.
Invoked RoslynAnalysisRunner static constructor.
RoslynAnalysisRunner will not be running.
RoslynAnalysisRunner has terminated.
Mono: successfully reloaded assembly
- Completed reload, in  0.834 seconds
Platform modules already initialized, skipping
Refreshing native plugins compatible for Editor in 0.61 ms, found 0 plugins.
Preloading 0 native plugins for Editor in 0.00 ms.
Unloading 1113 Unused Serialized files (Serialized files now loaded: 0)
System memory in use before: 60.4 MB.
System memory in use after: 60.5 MB.

Unloading 5 unused Assets to reduce memory usage. Loaded Objects now: 1604.
Total: 2.207300 ms (FindLiveObjects: 0.323000 ms CreateObjectMapping: 0.081100 ms MarkObjects: 1.738000 ms  DeleteObjects: 0.064400 ms)

========================================================================
Received Prepare
Registering precompiled user dll's ...
Registered in 0.000457 seconds.
Begin MonoManager ReloadAssembly
Native extension for WindowsStandalone target not found
Refreshing native plugins compatible for Editor in 0.19 ms, found 0 plugins.
Preloading 0 native plugins for Editor in 0.00 ms.
Invoked RoslynAnalysisRunner static constructor.
RoslynAnalysisRunner will not be running.
RoslynAnalysisRunner has terminated.
Mono: successfully reloaded assembly
- Completed reload, in  0.688 seconds
Platform modules already initialized, skipping
Refreshing native plugins compatible for Editor in 0.18 ms, found 0 plugins.
Preloading 0 native plugins for Editor in 0.00 ms.
Unloading 1113 Unused Serialized files (Serialized files now loaded: 0)
System memory in use before: 60.5 MB.
System memory in use after: 60.5 MB.

Unloading 5 unused Assets to reduce memory usage. Loaded Objects now: 1607.
Total: 1.943900 ms (FindLiveObjects: 0.300400 ms CreateObjectMapping: 0.044700 ms MarkObjects: 1.507700 ms  DeleteObjects: 0.089500 ms)

========================================================================
Received Prepare
Registering precompiled user dll's ...
Registered in 0.000443 seconds.
Begin MonoManager ReloadAssembly
Native extension for WindowsStandalone target not found
Refreshing native plugins compatible for Editor in 0.19 ms, found 0 plugins.
Preloading 0 native plugins for Editor in 0.00 ms.
Invoked RoslynAnalysisRunner static constructor.
RoslynAnalysisRunner will not be running.
RoslynAnalysisRunner has terminated.
Mono: successfully reloaded assembly
- Completed reload, in  0.699 seconds
Platform modules already initialized, skipping
Refreshing native plugins compatible for Editor in 0.28 ms, found 0 plugins.
Preloading 0 native plugins for Editor in 0.00 ms.
Unloading 1113 Unused Serialized files (Serialized files now loaded: 0)
System memory in use before: 60.5 MB.
System memory in use after: 60.5 MB.

Unloading 5 unused Assets to reduce memory usage. Loaded Objects now: 1610.
Total: 3.281800 ms (FindLiveObjects: 0.390700 ms CreateObjectMapping: 0.108800 ms MarkObjects: 2.712900 ms  DeleteObjects: 0.067400 ms)

========================================================================
Received Prepare
Registering precompiled user dll's ...
Registered in 0.000496 seconds.
Begin MonoManager ReloadAssembly
Native extension for WindowsStandalone target not found
Refreshing native plugins compatible for Editor in 0.19 ms, found 0 plugins.
Preloading 0 native plugins for Editor in 0.00 ms.
Invoked RoslynAnalysisRunner static constructor.
RoslynAnalysisRunner will not be running.
RoslynAnalysisRunner has terminated.
Mono: successfully reloaded assembly
- Completed reload, in  0.666 seconds
Platform modules already initialized, skipping
Refreshing native plugins compatible for Editor in 0.18 ms, found 0 plugins.
Preloading 0 native plugins for Editor in 0.00 ms.
Unloading 1113 Unused Serialized files (Serialized files now loaded: 0)
System memory in use before: 60.5 MB.
System memory in use after: 60.5 MB.

Unloading 5 unused Assets to reduce memory usage. Loaded Objects now: 1613.
Total: 1.813800 ms (FindLiveObjects: 0.338000 ms CreateObjectMapping: 0.057600 ms MarkObjects: 1.331300 ms  DeleteObjects: 0.085300 ms)

========================================================================
Received Prepare
Registering precompiled user dll's ...
Registered in 0.000820 seconds.
Begin MonoManager ReloadAssembly
Native extension for WindowsStandalone target not found
Refreshing native plugins compatible for Editor in 0.18 ms, found 0 plugins.
Preloading 0 native plugins for Editor in 0.00 ms.
Invoked RoslynAnalysisRunner static constructor.
RoslynAnalysisRunner will not be running.
RoslynAnalysisRunner has terminated.
Mono: successfully reloaded assembly
- Completed reload, in  0.682 seconds
Platform modules already initialized, skipping
Refreshing native plugins compatible for Editor in 0.18 ms, found 0 plugins.
Preloading 0 native plugins for Editor in 0.00 ms.
Unloading 1113 Unused Serialized files (Serialized files now loaded: 0)
System memory in use before: 60.5 MB.
System memory in use after: 60.5 MB.

Unloading 5 unused Assets to reduce memory usage. Loaded Objects now: 1616.
Total: 1.728000 ms (FindLiveObjects: 0.141800 ms CreateObjectMapping: 0.036600 ms MarkObjects: 1.508200 ms  DeleteObjects: 0.040500 ms)

========================================================================
Received Prepare
Registering precompiled user dll's ...
Registered in 0.000514 seconds.
Begin MonoManager ReloadAssembly
Native extension for WindowsStandalone target not found
Refreshing native plugins compatible for Editor in 0.22 ms, found 0 plugins.
Preloading 0 native plugins for Editor in 0.00 ms.
Invoked RoslynAnalysisRunner static constructor.
RoslynAnalysisRunner will not be running.
RoslynAnalysisRunner has terminated.
Mono: successfully reloaded assembly
- Completed reload, in  0.669 seconds
Platform modules already initialized, skipping
Refreshing native plugins compatible for Editor in 0.18 ms, found 0 plugins.
Preloading 0 native plugins for Editor in 0.00 ms.
Unloading 1113 Unused Serialized files (Serialized files now loaded: 0)
System memory in use before: 60.5 MB.
System memory in use after: 60.6 MB.

Unloading 5 unused Assets to reduce memory usage. Loaded Objects now: 1619.
Total: 1.834200 ms (FindLiveObjects: 0.198200 ms CreateObjectMapping: 0.036200 ms MarkObjects: 1.547100 ms  DeleteObjects: 0.037800 ms)

========================================================================
Received Prepare
Registering precompiled user dll's ...
Registered in 0.000495 seconds.
Begin MonoManager ReloadAssembly
Native extension for WindowsStandalone target not found
Refreshing native plugins compatible for Editor in 0.27 ms, found 0 plugins.
Preloading 0 native plugins for Editor in 0.00 ms.
Invoked RoslynAnalysisRunner static constructor.
RoslynAnalysisRunner will not be running.
RoslynAnalysisRunner has terminated.
Mono: successfully reloaded assembly
- Completed reload, in  0.849 seconds
Platform modules already initialized, skipping
Refreshing native plugins compatible for Editor in 0.45 ms, found 0 plugins.
Preloading 0 native plugins for Editor in 0.00 ms.
Unloading 1113 Unused Serialized files (Serialized files now loaded: 0)
System memory in use before: 60.5 MB.
System memory in use after: 60.6 MB.

Unloading 5 unused Assets to reduce memory usage. Loaded Objects now: 1622.
Total: 2.583600 ms (FindLiveObjects: 0.195200 ms CreateObjectMapping: 0.040400 ms MarkObjects: 2.282600 ms  DeleteObjects: 0.063900 ms)

========================================================================
Received Prepare
Registering precompiled user dll's ...
Registered in 0.000456 seconds.
Begin MonoManager ReloadAssembly
Native extension for WindowsStandalone target not found
Refreshing native plugins compatible for Editor in 0.20 ms, found 0 plugins.
Preloading 0 native plugins for Editor in 0.00 ms.
Invoked RoslynAnalysisRunner static constructor.
RoslynAnalysisRunner will not be running.
RoslynAnalysisRunner has terminated.
Mono: successfully reloaded assembly
- Completed reload, in  0.706 seconds
Platform modules already initialized, skipping
Refreshing native plugins compatible for Editor in 0.18 ms, found 0 plugins.
Preloading 0 native plugins for Editor in 0.00 ms.
Unloading 1113 Unused Serialized files (Serialized files now loaded: 0)
System memory in use before: 60.5 MB.
System memory in use after: 60.6 MB.

Unloading 5 unused Assets to reduce memory usage. Loaded Objects now: 1625.
Total: 1.990000 ms (FindLiveObjects: 0.206300 ms CreateObjectMapping: 0.063300 ms MarkObjects: 1.637300 ms  DeleteObjects: 0.082300 ms)

========================================================================
Received Prepare
Registering precompiled user dll's ...
Registered in 0.000705 seconds.
Begin MonoManager ReloadAssembly
Native extension for WindowsStandalone target not found
Refreshing native plugins compatible for Editor in 0.19 ms, found 0 plugins.
Preloading 0 native plugins for Editor in 0.00 ms.
Invoked RoslynAnalysisRunner static constructor.
RoslynAnalysisRunner will not be running.
RoslynAnalysisRunner has terminated.
Mono: successfully reloaded assembly
- Completed reload, in  0.704 seconds
Platform modules already initialized, skipping
Refreshing native plugins compatible for Editor in 0.18 ms, found 0 plugins.
Preloading 0 native plugins for Editor in 0.00 ms.
Unloading 1113 Unused Serialized files (Serialized files now loaded: 0)
System memory in use before: 60.5 MB.
System memory in use after: 60.6 MB.

Unloading 5 unused Assets to reduce memory usage. Loaded Objects now: 1628.
Total: 1.864800 ms (FindLiveObjects: 0.203700 ms CreateObjectMapping: 0.033000 ms MarkObjects: 1.547800 ms  DeleteObjects: 0.079000 ms)

========================================================================
Received Prepare
Registering precompiled user dll's ...
Registered in 0.001467 seconds.
Begin MonoManager ReloadAssembly
Native extension for WindowsStandalone target not found
Refreshing native plugins compatible for Editor in 0.32 ms, found 0 plugins.
Preloading 0 native plugins for Editor in 0.00 ms.
Invoked RoslynAnalysisRunner static constructor.
RoslynAnalysisRunner will not be running.
RoslynAnalysisRunner has terminated.
Mono: successfully reloaded assembly
- Completed reload, in  0.709 seconds
Platform modules already initialized, skipping
Refreshing native plugins compatible for Editor in 0.18 ms, found 0 plugins.
Preloading 0 native plugins for Editor in 0.00 ms.
Unloading 1113 Unused Serialized files (Serialized files now loaded: 0)
System memory in use before: 60.5 MB.
System memory in use after: 60.6 MB.

Unloading 5 unused Assets to reduce memory usage. Loaded Objects now: 1631.
Total: 1.858700 ms (FindLiveObjects: 0.240700 ms CreateObjectMapping: 0.047600 ms MarkObjects: 1.526800 ms  DeleteObjects: 0.042400 ms)

========================================================================
Received Prepare
Registering precompiled user dll's ...
Registered in 0.000458 seconds.
Begin MonoManager ReloadAssembly
Native extension for WindowsStandalone target not found
Refreshing native plugins compatible for Editor in 0.18 ms, found 0 plugins.
Preloading 0 native plugins for Editor in 0.00 ms.
Invoked RoslynAnalysisRunner static constructor.
RoslynAnalysisRunner will not be running.
RoslynAnalysisRunner has terminated.
Mono: successfully reloaded assembly
- Completed reload, in  0.717 seconds
Platform modules already initialized, skipping
Refreshing native plugins compatible for Editor in 0.27 ms, found 0 plugins.
Preloading 0 native plugins for Editor in 0.00 ms.
Unloading 1113 Unused Serialized files (Serialized files now loaded: 0)
System memory in use before: 60.5 MB.
System memory in use after: 60.6 MB.

Unloading 5 unused Assets to reduce memory usage. Loaded Objects now: 1634.
Total: 1.745700 ms (FindLiveObjects: 0.166900 ms CreateObjectMapping: 0.029600 ms MarkObjects: 1.506500 ms  DeleteObjects: 0.041800 ms)

========================================================================
Received Prepare
Registering precompiled user dll's ...
Registered in 0.000550 seconds.
Begin MonoManager ReloadAssembly
Native extension for WindowsStandalone target not found
Refreshing native plugins compatible for Editor in 0.21 ms, found 0 plugins.
Preloading 0 native plugins for Editor in 0.00 ms.
Invoked RoslynAnalysisRunner static constructor.
RoslynAnalysisRunner will not be running.
RoslynAnalysisRunner has terminated.
Mono: successfully reloaded assembly
- Completed reload, in  0.722 seconds
Platform modules already initialized, skipping
Refreshing native plugins compatible for Editor in 0.20 ms, found 0 plugins.
Preloading 0 native plugins for Editor in 0.00 ms.
Unloading 1113 Unused Serialized files (Serialized files now loaded: 0)
System memory in use before: 60.5 MB.
System memory in use after: 60.6 MB.

Unloading 5 unused Assets to reduce memory usage. Loaded Objects now: 1637.
Total: 2.413900 ms (FindLiveObjects: 0.361400 ms CreateObjectMapping: 0.067600 ms MarkObjects: 1.877200 ms  DeleteObjects: 0.105700 ms)

========================================================================
Received Prepare
Registering precompiled user dll's ...
Registered in 0.000745 seconds.
Begin MonoManager ReloadAssembly
Native extension for WindowsStandalone target not found
Refreshing native plugins compatible for Editor in 0.25 ms, found 0 plugins.
Preloading 0 native plugins for Editor in 0.00 ms.
Invoked RoslynAnalysisRunner static constructor.
RoslynAnalysisRunner will not be running.
RoslynAnalysisRunner has terminated.
Mono: successfully reloaded assembly
- Completed reload, in  0.737 seconds
Platform modules already initialized, skipping
Refreshing native plugins compatible for Editor in 0.19 ms, found 0 plugins.
Preloading 0 native plugins for Editor in 0.00 ms.
Unloading 1113 Unused Serialized files (Serialized files now loaded: 0)
System memory in use before: 60.5 MB.
System memory in use after: 60.6 MB.

Unloading 5 unused Assets to reduce memory usage. Loaded Objects now: 1640.
Total: 1.650700 ms (FindLiveObjects: 0.145000 ms CreateObjectMapping: 0.034400 ms MarkObjects: 1.423300 ms  DeleteObjects: 0.046600 ms)

========================================================================
Received Prepare
Registering precompiled user dll's ...
Registered in 0.001436 seconds.
Begin MonoManager ReloadAssembly
Native extension for WindowsStandalone target not found
Refreshing native plugins compatible for Editor in 0.19 ms, found 0 plugins.
Preloading 0 native plugins for Editor in 0.00 ms.
Invoked RoslynAnalysisRunner static constructor.
RoslynAnalysisRunner will not be running.
RoslynAnalysisRunner has terminated.
Mono: successfully reloaded assembly
- Completed reload, in  0.726 seconds
Platform modules already initialized, skipping
Refreshing native plugins compatible for Editor in 0.47 ms, found 0 plugins.
Preloading 0 native plugins for Editor in 0.00 ms.
Unloading 1113 Unused Serialized files (Serialized files now loaded: 0)
System memory in use before: 60.5 MB.
System memory in use after: 60.6 MB.

Unloading 5 unused Assets to reduce memory usage. Loaded Objects now: 1643.
Total: 3.968200 ms (FindLiveObjects: 0.650400 ms CreateObjectMapping: 0.262200 ms MarkObjects: 2.948400 ms  DeleteObjects: 0.105200 ms)

========================================================================
Received Prepare
Registering precompiled user dll's ...
Registered in 0.000498 seconds.
Begin MonoManager ReloadAssembly
Native extension for WindowsStandalone target not found
Refreshing native plugins compatible for Editor in 0.18 ms, found 0 plugins.
Preloading 0 native plugins for Editor in 0.00 ms.
Invoked RoslynAnalysisRunner static constructor.
RoslynAnalysisRunner will not be running.
RoslynAnalysisRunner has terminated.
Mono: successfully reloaded assembly
- Completed reload, in  0.725 seconds
Platform modules already initialized, skipping
Refreshing native plugins compatible for Editor in 0.20 ms, found 0 plugins.
Preloading 0 native plugins for Editor in 0.00 ms.
Unloading 1113 Unused Serialized files (Serialized files now loaded: 0)
System memory in use before: 60.5 MB.
System memory in use after: 60.6 MB.

Unloading 5 unused Assets to reduce memory usage. Loaded Objects now: 1646.
Total: 2.289800 ms (FindLiveObjects: 0.182100 ms CreateObjectMapping: 0.030400 ms MarkObjects: 1.985200 ms  DeleteObjects: 0.091300 ms)

========================================================================
Received Import Request.
  Time since last request: 2696.052194 seconds.
  path: Assets/Prefabs/Player
  artifactKey: Guid(2e3da36de84098749bca15a6535fe5b1) Importer(815301076,1909f56bfc062723c751e8b465ee728b)
Start importing Assets/Prefabs/Player using Guid(2e3da36de84098749bca15a6535fe5b1) Importer(815301076,1909f56bfc062723c751e8b465ee728b)  -> (artifact id: '7216c1278e98d94436feb3ba69ee36e0') in 0.007800 seconds
  Import took 0.009545 seconds .

========================================================================
Received Import Request.
  Time since last request: 6.532180 seconds.
  path: Assets/Prefabs/Enemy
  artifactKey: Guid(a2bb3fa4127e7f04eb9b502f294860eb) Importer(815301076,1909f56bfc062723c751e8b465ee728b)
Start importing Assets/Prefabs/Enemy using Guid(a2bb3fa4127e7f04eb9b502f294860eb) Importer(815301076,1909f56bfc062723c751e8b465ee728b)  -> (artifact id: '3dad45403d3eac1966437b800b94ae8b') in 0.007853 seconds
  Import took 0.010641 seconds .

========================================================================
Received Import Request.
  Time since last request: 8.487782 seconds.
  path: Assets/Prefabs/Enemy/Bullets
  artifactKey: Guid(f872de7f57c7b7f4f8d382db15185c74) Importer(815301076,1909f56bfc062723c751e8b465ee728b)
Start importing Assets/Prefabs/Enemy/Bullets using Guid(f872de7f57c7b7f4f8d382db15185c74) Importer(815301076,1909f56bfc062723c751e8b465ee728b)  -> (artifact id: '6d729560bab9bd3c83b1a836e1e944d6') in 0.009289 seconds
  Import took 0.012663 seconds .

========================================================================
Received Import Request.
  Time since last request: 50.965850 seconds.
  path: Assets/Prefabs/Enemy/EnemyBlack.prefab
  artifactKey: Guid(acf363ab26a39e44f8e70f68e225fe34) Importer(815301076,1909f56bfc062723c751e8b465ee728b)
Start importing Assets/Prefabs/Enemy/EnemyBlack.prefab using Guid(acf363ab26a39e44f8e70f68e225fe34) Importer(815301076,1909f56bfc062723c751e8b465ee728b)  -> (artifact id: 'd45ca464bf5571a4ee850a2f3b4c19da') in 0.061012 seconds
  Import took 0.063549 seconds .

========================================================================
Received Import Request.
  Time since last request: 0.008358 seconds.
  path: Assets/Prefabs/Enemy/EnemyBlack.prefab
  artifactKey: Guid(acf363ab26a39e44f8e70f68e225fe34) Importer(815301076,1909f56bfc062723c751e8b465ee728b)
Start importing Assets/Prefabs/Enemy/EnemyBlack.prefab using Guid(acf363ab26a39e44f8e70f68e225fe34) Importer(815301076,1909f56bfc062723c751e8b465ee728b)  -> (artifact id: 'd45ca464bf5571a4ee850a2f3b4c19da') in 0.009543 seconds
  Import took 0.012804 seconds .

========================================================================
Received Import Request.
  Time since last request: 2.057310 seconds.
  path: Assets/Prefabs/Enemy/EnemyWhite.prefab
  artifactKey: Guid(e9bb0cc31859de64b87ddd4f4917b18d) Importer(815301076,1909f56bfc062723c751e8b465ee728b)
Start importing Assets/Prefabs/Enemy/EnemyWhite.prefab using Guid(e9bb0cc31859de64b87ddd4f4917b18d) Importer(815301076,1909f56bfc062723c751e8b465ee728b)  -> (artifact id: '97abf58e3235d7811fa359a567c6b1cf') in 0.011646 seconds
  Import took 0.014191 seconds .

========================================================================
Received Import Request.
  Time since last request: 0.016278 seconds.
  path: Assets/Prefabs/Enemy/EnemyWhite.prefab
  artifactKey: Guid(e9bb0cc31859de64b87ddd4f4917b18d) Importer(815301076,1909f56bfc062723c751e8b465ee728b)
Start importing Assets/Prefabs/Enemy/EnemyWhite.prefab using Guid(e9bb0cc31859de64b87ddd4f4917b18d) Importer(815301076,1909f56bfc062723c751e8b465ee728b)  -> (artifact id: '97abf58e3235d7811fa359a567c6b1cf') in 0.008625 seconds
  Import took 0.011683 seconds .

========================================================================
Received Import Request.
  Time since last request: 6.714526 seconds.
  path: Assets/Prefabs/Player/bullets
  artifactKey: Guid(9efd8b1c649941f46bfdb488a22f39d3) Importer(815301076,1909f56bfc062723c751e8b465ee728b)
Start importing Assets/Prefabs/Player/bullets using Guid(9efd8b1c649941f46bfdb488a22f39d3) Importer(815301076,1909f56bfc062723c751e8b465ee728b)  -> (artifact id: '8c44419c1f127a1706b15f1f28946cb9') in 0.007743 seconds
  Import took 0.010394 seconds .

========================================================================
Received Import Request.
  Time since last request: 9.392055 seconds.
  path: Assets/Prefabs/Player/Bullets
  artifactKey: Guid(9efd8b1c649941f46bfdb488a22f39d3) Importer(815301076,1909f56bfc062723c751e8b465ee728b)
Start importing Assets/Prefabs/Player/Bullets using Guid(9efd8b1c649941f46bfdb488a22f39d3) Importer(815301076,1909f56bfc062723c751e8b465ee728b)  -> (artifact id: '8d0687c39c86f9cf1bce4b6edd9fd8c3') in 0.001501 seconds
  Import took 0.003613 seconds .

========================================================================
Received Import Request.
  Time since last request: 5.281277 seconds.
  path: Assets/Prefabs/Player/PlayerWhite.prefab
  artifactKey: Guid(f09edef94db2f2b49a45a083e8c96922) Importer(815301076,1909f56bfc062723c751e8b465ee728b)
Start importing Assets/Prefabs/Player/PlayerWhite.prefab using Guid(f09edef94db2f2b49a45a083e8c96922) Importer(815301076,1909f56bfc062723c751e8b465ee728b)  -> (artifact id: '0f2c225031bd203c8cde86ea6b722f64') in 0.013389 seconds
  Import took 0.016484 seconds .

========================================================================
Received Import Request.
  Time since last request: 0.000884 seconds.
  path: Assets/Prefabs/Player/PlayerWhite.prefab
  artifactKey: Guid(f09edef94db2f2b49a45a083e8c96922) Importer(815301076,1909f56bfc062723c751e8b465ee728b)
Start importing Assets/Prefabs/Player/PlayerWhite.prefab using Guid(f09edef94db2f2b49a45a083e8c96922) Importer(815301076,1909f56bfc062723c751e8b465ee728b)  -> (artifact id: '0f2c225031bd203c8cde86ea6b722f64') in 0.010012 seconds
  Import took 0.012865 seconds .

========================================================================
Received Import Request.
  Time since last request: 1.536960 seconds.
  path: Assets/Prefabs/Player/PlayerBlack.prefab
  artifactKey: Guid(9ef098dbff273904fa8a3ffcb8a528c4) Importer(815301076,1909f56bfc062723c751e8b465ee728b)
Start importing Assets/Prefabs/Player/PlayerBlack.prefab using Guid(9ef098dbff273904fa8a3ffcb8a528c4) Importer(815301076,1909f56bfc062723c751e8b465ee728b)  -> (artifact id: '18ae9354f0afd80e781abeec54c73f47') in 0.014283 seconds
  Import took 0.016280 seconds .

========================================================================
Received Import Request.
  Time since last request: 0.015168 seconds.
  path: Assets/Prefabs/Player/PlayerBlack.prefab
  artifactKey: Guid(9ef098dbff273904fa8a3ffcb8a528c4) Importer(815301076,1909f56bfc062723c751e8b465ee728b)
Start importing Assets/Prefabs/Player/PlayerBlack.prefab using Guid(9ef098dbff273904fa8a3ffcb8a528c4) Importer(815301076,1909f56bfc062723c751e8b465ee728b)  -> (artifact id: '18ae9354f0afd80e781abeec54c73f47') in 0.007283 seconds
  Import took 0.009416 seconds .

========================================================================
Received Import Request.
  Time since last request: 2.848327 seconds.
  path: Assets/Prefabs/Player/PlayerManager.prefab
  artifactKey: Guid(b7212d378f81fc542994d0bad2b720d4) Importer(815301076,1909f56bfc062723c751e8b465ee728b)
Start importing Assets/Prefabs/Player/PlayerManager.prefab using Guid(b7212d378f81fc542994d0bad2b720d4) Importer(815301076,1909f56bfc062723c751e8b465ee728b)  -> (artifact id: 'e90e1fb83a84c0b00f51eacd9b8c1812') in 0.014716 seconds
  Import took 0.018210 seconds .

========================================================================
Received Import Request.
  Time since last request: 0.005818 seconds.
  path: Assets/Prefabs/Player/PlayerManager.prefab
  artifactKey: Guid(b7212d378f81fc542994d0bad2b720d4) Importer(815301076,1909f56bfc062723c751e8b465ee728b)
Start importing Assets/Prefabs/Player/PlayerManager.prefab using Guid(b7212d378f81fc542994d0bad2b720d4) Importer(815301076,1909f56bfc062723c751e8b465ee728b)  -> (artifact id: 'e90e1fb83a84c0b00f51eacd9b8c1812') in 0.007475 seconds
  Import took 0.010795 seconds .

========================================================================
Received Import Request.
  Time since last request: 14.423482 seconds.
  path: Assets/Prefabs/BlackZoneClickDetection.prefab
  artifactKey: Guid(31e65677a6f13324f8062e4cfc9c1585) Importer(815301076,1909f56bfc062723c751e8b465ee728b)
Start importing Assets/Prefabs/BlackZoneClickDetection.prefab using Guid(31e65677a6f13324f8062e4cfc9c1585) Importer(815301076,1909f56bfc062723c751e8b465ee728b)  -> (artifact id: '9358291e2a4e06909057e40dd9bf97e2') in 0.012484 seconds
  Import took 0.014878 seconds .

========================================================================
Received Import Request.
  Time since last request: 0.016583 seconds.
  path: Assets/Prefabs/BlackZoneClickDetection.prefab
  artifactKey: Guid(31e65677a6f13324f8062e4cfc9c1585) Importer(815301076,1909f56bfc062723c751e8b465ee728b)
Start importing Assets/Prefabs/BlackZoneClickDetection.prefab using Guid(31e65677a6f13324f8062e4cfc9c1585) Importer(815301076,1909f56bfc062723c751e8b465ee728b)  -> (artifact id: '9358291e2a4e06909057e40dd9bf97e2') in 0.008017 seconds
  Import took 0.011242 seconds .

========================================================================
Received Import Request.
  Time since last request: 2.418046 seconds.
  path: Assets/Prefabs/WhiteZoneClickDetection.prefab
  artifactKey: Guid(75236398502b8214aa00d82af8691808) Importer(815301076,1909f56bfc062723c751e8b465ee728b)
Start importing Assets/Prefabs/WhiteZoneClickDetection.prefab using Guid(75236398502b8214aa00d82af8691808) Importer(815301076,1909f56bfc062723c751e8b465ee728b)  -> (artifact id: 'a8df725b03323fa922827244ab9512f1') in 0.014128 seconds
  Import took 0.017350 seconds .

========================================================================
Received Import Request.
  Time since last request: 0.014242 seconds.
  path: Assets/Prefabs/WhiteZoneClickDetection.prefab
  artifactKey: Guid(75236398502b8214aa00d82af8691808) Importer(815301076,1909f56bfc062723c751e8b465ee728b)
Start importing Assets/Prefabs/WhiteZoneClickDetection.prefab using Guid(75236398502b8214aa00d82af8691808) Importer(815301076,1909f56bfc062723c751e8b465ee728b)  -> (artifact id: 'a8df725b03323fa922827244ab9512f1') in 0.006655 seconds
  Import took 0.009491 seconds .

========================================================================
Received Import Request.
  Time since last request: 11.990976 seconds.
  path: Assets/Prefabs/LevelTest.prefab
  artifactKey: Guid(71dffbaa0c52ef5489b8d24594d1133f) Importer(815301076,1909f56bfc062723c751e8b465ee728b)
Start importing Assets/Prefabs/LevelTest.prefab using Guid(71dffbaa0c52ef5489b8d24594d1133f) Importer(815301076,1909f56bfc062723c751e8b465ee728b)  -> (artifact id: '042a0998079246013f386a28a2a7a987') in 0.019690 seconds
  Import took 0.023460 seconds .

========================================================================
Received Prepare
Registering precompiled user dll's ...
Registered in 0.000500 seconds.
Begin MonoManager ReloadAssembly
Native extension for WindowsStandalone target not found
Refreshing native plugins compatible for Editor in 0.32 ms, found 0 plugins.
Preloading 0 native plugins for Editor in 0.00 ms.
Invoked RoslynAnalysisRunner static constructor.
RoslynAnalysisRunner will not be running.
RoslynAnalysisRunner has terminated.
Mono: successfully reloaded assembly
- Completed reload, in  0.711 seconds
Platform modules already initialized, skipping
Refreshing native plugins compatible for Editor in 0.18 ms, found 0 plugins.
Preloading 0 native plugins for Editor in 0.00 ms.
Unloading 1113 Unused Serialized files (Serialized files now loaded: 0)
System memory in use before: 60.6 MB.
System memory in use after: 60.7 MB.

Unloading 5 unused Assets to reduce memory usage. Loaded Objects now: 1652.
Total: 1.624800 ms (FindLiveObjects: 0.128100 ms CreateObjectMapping: 0.032600 ms MarkObjects: 1.422000 ms  DeleteObjects: 0.041400 ms)

AssetImportWorkerClient::OnTransportError - code=2 error=End of file
